#
# There is insufficient memory for the Java Runtime Environment to continue.
# Native memory allocation (mmap) failed to map 65536 bytes. Error detail: Failed to commit metaspace.
# Possible reasons:
#   The system is out of physical RAM or swap space
#   This process is running with CompressedOops enabled, and the Java Heap may be blocking the growth of the native heap
# Possible solutions:
#   Reduce memory load on the system
#   Increase physical memory or swap space
#   Check if swap backing store is full
#   Decrease Java heap size (-Xmx/-Xms)
#   Decrease number of Java threads
#   Decrease Java thread stack sizes (-Xss)
#   Set larger code cache with -XX:ReservedCodeCacheSize=
#   JVM is running with Unscaled Compressed Oops mode in which the Java heap is
#     placed in the first 4GB address space. The Java Heap base address is the
#     maximum limit for the native heap growth. Please use -XX:HeapBaseMinAddress
#     to set the Java Heap base and to place the Java Heap above 4GB virtual address.
# This output file may be truncated or incomplete.
#
#  Out of Memory Error (virtualSpaceNode.cpp:113), pid=1324, tid=6820
#
# JRE version: OpenJDK Runtime Environment JBR-21.0.8+1-1038.73-jcef (21.0.8+1) (build 21.0.8+1-b1038.73)
# Java VM: OpenJDK 64-Bit Server VM JBR-21.0.8+1-1038.73-jcef (21.0.8+1-b1038.73, mixed mode, tiered, compressed oops, compressed class ptrs, g1 gc, windows-amd64)
# No core dump will be written. Minidumps are not enabled by default on client versions of Windows
#

---------------  S U M M A R Y ------------

Command Line: git4idea.http.GitAskPassApp Username for 'https://github.com': 

Host: Intel(R) Xeon(R) Platinum 8171M CPU @ 2.60GHz, 2 cores, 7G,  Windows 11 , 64 bit Build 26100 (10.0.26100.7019)
Time: Sat Nov 15 09:48:36 2025 Coordinated Universal Time elapsed time: 0.373725 seconds (0d 0h 0m 0s)

---------------  T H R E A D  ---------------

Current thread (0x0000027685539890):  JavaThread "main"             [_thread_in_vm, id=6820, stack(0x000000fca5700000,0x000000fca5800000) (1024K)]

Stack: [0x000000fca5700000,0x000000fca5800000]
Native frames: (J=compiled Java code, j=interpreted, Vv=VM code, C=native code)
V  [jvm.dll+0x6ebeb9]
V  [jvm.dll+0x8cbec3]
V  [jvm.dll+0x8ce47e]
V  [jvm.dll+0x8ceb63]
V  [jvm.dll+0x28adf6]
V  [jvm.dll+0x8c6cfe]
V  [jvm.dll+0x68c895]
V  [jvm.dll+0x68c8fa]
V  [jvm.dll+0x68f116]
V  [jvm.dll+0x68efe2]
V  [jvm.dll+0x68d24e]
V  [jvm.dll+0x273d5f]
V  [jvm.dll+0x6974d5]
V  [jvm.dll+0x21e6ac]
V  [jvm.dll+0x21ebf5]
V  [jvm.dll+0x21f5d6]
V  [jvm.dll+0x21458a]
V  [jvm.dll+0x5c96c5]
V  [jvm.dll+0x22605c]
V  [jvm.dll+0x842c7c]
V  [jvm.dll+0x843d12]
V  [jvm.dll+0x8442d4]
V  [jvm.dll+0x843f68]
V  [jvm.dll+0x27773b]
V  [jvm.dll+0x3e705e]
C  0x0000027690aca82b

The last pc belongs to new (printed below).
Java frames: (J=compiled Java code, j=interpreted, Vv=VM code)
j  jdk.internal.module.SystemModules$default.moduleDescriptors()[Ljava/lang/module/ModuleDescriptor;+6 java.base
j  jdk.internal.module.SystemModuleFinders.of(Ljdk/internal/module/SystemModules;)Ljava/lang/module/ModuleFinder;+1 java.base
j  jdk.internal.module.ModuleBootstrap.boot2()Ljava/lang/ModuleLayer;+240 java.base
j  jdk.internal.module.ModuleBootstrap.boot()Ljava/lang/ModuleLayer;+64 java.base
j  java.lang.System.initPhase2(ZZ)I+0 java.base
v  ~StubRoutines::call_stub 0x0000027690ab100d
new  187 new  [0x0000027690aca6a0, 0x0000027690aca8a0]  512 bytes
[MachCode]
  0x0000027690aca6a0: 4883 ec08 | c5fa 1104 | 24eb 1f48 | 83ec 10c5 | fb11 0424 | eb14 4883 | ec10 4889 | 0424 48c7 
  0x0000027690aca6c0: 4424 0800 | 0000 00eb | 0150 410f | b755 010f | cac1 ea10 | 488b 4de8 | 488b 4908 | 488b 4908 
  0x0000027690aca6e0: 488b 4108 | 807c 1004 | 070f 85ca | 0000 0066 | 8b54 d148 | 488b 4928 | 488b 4cd1 | 0851 80b9 
  0x0000027690aca700: 6101 0000 | 040f 85ad | 0000 008b | 5108 f6c2 | 010f 85a1 | 0000 0049 | 8b87 b801 | 0000 488d 
  0x0000027690aca720: 1c10 493b | 9fc8 0100 | 000f 8789 | 0000 0049 | 899f b801 | 0000 4883 | ea10 0f84 | 0f00 0000 
  0x0000027690aca740: 33c9 c1ea | 0348 894c | d008 48ff | ca75 f648 | c700 0100 | 0000 5933 | f689 700c | 48c1 e903 
  0x0000027690aca760: 8948 0849 | ba8f f0d0 | affa 7f00 | 0041 803a | 000f 843c | 0000 0050 | 488b c848 | 83ec 2040 
  0x0000027690aca780: f6c4 0f0f | 8419 0000 | 0048 83ec | 0848 b850 | 317a affa | 7f00 00ff | d048 83c4 | 08e9 0c00 
  0x0000027690aca7a0: 0000 48b8 | 5031 7aaf | fa7f 0000 | ffd0 4883 | c420 58e9 | cb00 0000 | 5948 8b55 | e848 8b52 
  0x0000027690aca7c0: 0848 8b52 | 0845 0fb7 | 4501 410f | c841 c1e8 | 10e8 0500 | 0000 e9a8 | 0000 0048 | 8d44 2408 
  0x0000027690aca7e0: 4c89 6dc0 | 498b cfc5 | f877 4989 | afa8 0300 | 0049 8987 | 9803 0000 | 4883 ec20 | 40f6 c40f 
  0x0000027690aca800: 0f84 1900 | 0000 4883 | ec08 48b8 | 1070 43af | fa7f 0000 | ffd0 4883 | c408 e90c | 0000 0048 
  0x0000027690aca820: b810 7043 | affa 7f00 | 00ff d048 | 83c4 2049 | c787 9803 | 0000 0000 | 0000 49c7 | 87a8 0300 
  0x0000027690aca840: 0000 0000 | 0049 c787 | a003 0000 | 0000 0000 | c5f8 7749 | 837f 0800 | 0f84 0500 | 0000 e99d 
  0x0000027690aca860: 66fe ff49 | 8b87 f003 | 0000 49c7 | 87f0 0300 | 0000 0000 | 004c 8b6d | c04c 8b75 | c84e 8d74 
  0x0000027690aca880: f500 c341 | 0fb6 5d03 | 4983 c503 | 49ba 00bd | d3af fa7f | 0000 41ff | 24da 660f | 1f44 0000 
[/MachCode]

---------------  P R O C E S S  ---------------

Threads class SMR info:
_java_thread_list=0x00000276a10630c0, length=10, elements={
0x0000027685539890, 0x00000276a102a770, 0x00000276a102bb10, 0x00000276a1065b30,
0x00000276a1066940, 0x00000276a10673a0, 0x00000276a1068970, 0x00000276a1069f40,
0x00000276a106ae00, 0x00000276a106b8a0
}

Java Threads: ( => current thread )
=>0x0000027685539890 JavaThread "main"                              [_thread_in_vm, id=6820, stack(0x000000fca5700000,0x000000fca5800000) (1024K)]
  0x00000276a102a770 JavaThread "Common-Cleaner"             daemon [_thread_blocked, id=5036, stack(0x000000fca5f00000,0x000000fca6000000) (1024K)]
  0x00000276a102bb10 JavaThread "Reference Handler"          daemon [_thread_blocked, id=14276, stack(0x000000fca6000000,0x000000fca6100000) (1024K)]
  0x00000276a1065b30 JavaThread "Finalizer"                  daemon [_thread_blocked, id=11908, stack(0x000000fca6100000,0x000000fca6200000) (1024K)]
  0x00000276a1066940 JavaThread "Signal Dispatcher"          daemon [_thread_blocked, id=5564, stack(0x000000fca6200000,0x000000fca6300000) (1024K)]
  0x00000276a10673a0 JavaThread "Attach Listener"            daemon [_thread_blocked, id=11712, stack(0x000000fca6300000,0x000000fca6400000) (1024K)]
  0x00000276a1068970 JavaThread "Service Thread"             daemon [_thread_blocked, id=9292, stack(0x000000fca6400000,0x000000fca6500000) (1024K)]
  0x00000276a1069f40 JavaThread "Monitor Deflation Thread"   daemon [_thread_blocked, id=8780, stack(0x000000fca6500000,0x000000fca6600000) (1024K)]
  0x00000276a106ae00 JavaThread "C2 CompilerThread0"         daemon [_thread_blocked, id=12024, stack(0x000000fca6600000,0x000000fca6700000) (1024K)]
  0x00000276a106b8a0 JavaThread "C1 CompilerThread0"         daemon [_thread_blocked, id=13872, stack(0x000000fca6700000,0x000000fca6800000) (1024K)]
Total: 10

Other Threads:
  0x00000276a1008460 VMThread "VM Thread"                           [id=4648, stack(0x000000fca5e00000,0x000000fca5f00000) (1024K)]
  0x000002769cd09660 WatcherThread "VM Periodic Task Thread"        [id=11576, stack(0x000000fca5d00000,0x000000fca5e00000) (1024K)]
  0x000002768558f6a0 WorkerThread "GC Thread#0"                     [id=12040, stack(0x000000fca5800000,0x000000fca5900000) (1024K)]
  0x00000276855a1500 ConcurrentGCThread "G1 Main Marker"            [id=5104, stack(0x000000fca5900000,0x000000fca5a00000) (1024K)]
  0x00000276855a3620 WorkerThread "G1 Conc#0"                       [id=14324, stack(0x000000fca5a00000,0x000000fca5b00000) (1024K)]
  0x000002769cbc80f0 ConcurrentGCThread "G1 Refine#0"               [id=9304, stack(0x000000fca5b00000,0x000000fca5c00000) (1024K)]
  0x000002769cbc8910 ConcurrentGCThread "G1 Service"                [id=9932, stack(0x000000fca5c00000,0x000000fca5d00000) (1024K)]
Total: 7

Threads with active compile tasks:
Total: 0

VM state: not at safepoint (normal execution)

VM Mutex/Monitor currently owned by a thread:  ([mutex/lock_event])
[0x00007ffaafd25ad8] Metaspace_lock - owner thread: 0x0000027685539890

Heap address: 0x0000000080000000, size: 2048 MB, Compressed Oops mode: 32-bit

CDS archive(s) not mapped
Compressed class space mapped at: 0x0000000100000000-0x0000000140000000, reserved size: 1073741824
Narrow klass base: 0x0000000000000000, Narrow klass shift: 3, Narrow klass range: 0x140000000

GC Precious Log:
 CardTable entry size: 512
 Card Set container configuration: InlinePtr #cards 5 size 8 Array Of Cards #cards 12 size 40 Howl #buckets 4 coarsen threshold 1843 Howl Bitmap #cards 512 size 80 coarsen threshold 460 Card regions per heap region 1 cards per card region 2048
 CPUs: 2 total, 2 available
 Memory: 8190M
 Large Page Support: Disabled
 NUMA Support: Disabled
 Compressed Oops: Enabled (32-bit)
 Heap Region Size: 1M
 Heap Min Capacity: 8M
 Heap Initial Capacity: 128M
 Heap Max Capacity: 2G
 Pre-touch: Disabled
 Parallel Workers: 2
 Concurrent Workers: 1
 Concurrent Refinement Workers: 2
 Periodic GC: Disabled

Heap:
 garbage-first heap   total 131072K, used 0K [0x0000000080000000, 0x0000000100000000)
  region size 1024K, 1 young (1024K), 0 survivors (0K)
 Metaspace       used 3802K, committed 3840K, reserved 1114112K
  class space    used 282K, committed 320K, reserved 1048576K

Heap Regions: E=young(eden), S=young(survivor), O=old, HS=humongous(starts), HC=humongous(continues), CS=collection set, F=free, TAMS=top-at-mark-start, PB=parsable bottom
|   0|0x0000000080000000, 0x0000000080000000, 0x0000000080100000|  0%| F|  |TAMS 0x0000000080000000| PB 0x0000000080000000| Untracked 
|   1|0x0000000080100000, 0x0000000080100000, 0x0000000080200000|  0%| F|  |TAMS 0x0000000080100000| PB 0x0000000080100000| Untracked 
|   2|0x0000000080200000, 0x0000000080200000, 0x0000000080300000|  0%| F|  |TAMS 0x0000000080200000| PB 0x0000000080200000| Untracked 
|   3|0x0000000080300000, 0x0000000080300000, 0x0000000080400000|  0%| F|  |TAMS 0x0000000080300000| PB 0x0000000080300000| Untracked 
|   4|0x0000000080400000, 0x0000000080400000, 0x0000000080500000|  0%| F|  |TAMS 0x0000000080400000| PB 0x0000000080400000| Untracked 
|   5|0x0000000080500000, 0x0000000080500000, 0x0000000080600000|  0%| F|  |TAMS 0x0000000080500000| PB 0x0000000080500000| Untracked 
|   6|0x0000000080600000, 0x0000000080600000, 0x0000000080700000|  0%| F|  |TAMS 0x0000000080600000| PB 0x0000000080600000| Untracked 
|   7|0x0000000080700000, 0x0000000080700000, 0x0000000080800000|  0%| F|  |TAMS 0x0000000080700000| PB 0x0000000080700000| Untracked 
|   8|0x0000000080800000, 0x0000000080800000, 0x0000000080900000|  0%| F|  |TAMS 0x0000000080800000| PB 0x0000000080800000| Untracked 
|   9|0x0000000080900000, 0x0000000080900000, 0x0000000080a00000|  0%| F|  |TAMS 0x0000000080900000| PB 0x0000000080900000| Untracked 
|  10|0x0000000080a00000, 0x0000000080a00000, 0x0000000080b00000|  0%| F|  |TAMS 0x0000000080a00000| PB 0x0000000080a00000| Untracked 
|  11|0x0000000080b00000, 0x0000000080b00000, 0x0000000080c00000|  0%| F|  |TAMS 0x0000000080b00000| PB 0x0000000080b00000| Untracked 
|  12|0x0000000080c00000, 0x0000000080c00000, 0x0000000080d00000|  0%| F|  |TAMS 0x0000000080c00000| PB 0x0000000080c00000| Untracked 
|  13|0x0000000080d00000, 0x0000000080d00000, 0x0000000080e00000|  0%| F|  |TAMS 0x0000000080d00000| PB 0x0000000080d00000| Untracked 
|  14|0x0000000080e00000, 0x0000000080e00000, 0x0000000080f00000|  0%| F|  |TAMS 0x0000000080e00000| PB 0x0000000080e00000| Untracked 
|  15|0x0000000080f00000, 0x0000000080f00000, 0x0000000081000000|  0%| F|  |TAMS 0x0000000080f00000| PB 0x0000000080f00000| Untracked 
|  16|0x0000000081000000, 0x0000000081000000, 0x0000000081100000|  0%| F|  |TAMS 0x0000000081000000| PB 0x0000000081000000| Untracked 
|  17|0x0000000081100000, 0x0000000081100000, 0x0000000081200000|  0%| F|  |TAMS 0x0000000081100000| PB 0x0000000081100000| Untracked 
|  18|0x0000000081200000, 0x0000000081200000, 0x0000000081300000|  0%| F|  |TAMS 0x0000000081200000| PB 0x0000000081200000| Untracked 
|  19|0x0000000081300000, 0x0000000081300000, 0x0000000081400000|  0%| F|  |TAMS 0x0000000081300000| PB 0x0000000081300000| Untracked 
|  20|0x0000000081400000, 0x0000000081400000, 0x0000000081500000|  0%| F|  |TAMS 0x0000000081400000| PB 0x0000000081400000| Untracked 
|  21|0x0000000081500000, 0x0000000081500000, 0x0000000081600000|  0%| F|  |TAMS 0x0000000081500000| PB 0x0000000081500000| Untracked 
|  22|0x0000000081600000, 0x0000000081600000, 0x0000000081700000|  0%| F|  |TAMS 0x0000000081600000| PB 0x0000000081600000| Untracked 
|  23|0x0000000081700000, 0x0000000081700000, 0x0000000081800000|  0%| F|  |TAMS 0x0000000081700000| PB 0x0000000081700000| Untracked 
|  24|0x0000000081800000, 0x0000000081800000, 0x0000000081900000|  0%| F|  |TAMS 0x0000000081800000| PB 0x0000000081800000| Untracked 
|  25|0x0000000081900000, 0x0000000081900000, 0x0000000081a00000|  0%| F|  |TAMS 0x0000000081900000| PB 0x0000000081900000| Untracked 
|  26|0x0000000081a00000, 0x0000000081a00000, 0x0000000081b00000|  0%| F|  |TAMS 0x0000000081a00000| PB 0x0000000081a00000| Untracked 
|  27|0x0000000081b00000, 0x0000000081b00000, 0x0000000081c00000|  0%| F|  |TAMS 0x0000000081b00000| PB 0x0000000081b00000| Untracked 
|  28|0x0000000081c00000, 0x0000000081c00000, 0x0000000081d00000|  0%| F|  |TAMS 0x0000000081c00000| PB 0x0000000081c00000| Untracked 
|  29|0x0000000081d00000, 0x0000000081d00000, 0x0000000081e00000|  0%| F|  |TAMS 0x0000000081d00000| PB 0x0000000081d00000| Untracked 
|  30|0x0000000081e00000, 0x0000000081e00000, 0x0000000081f00000|  0%| F|  |TAMS 0x0000000081e00000| PB 0x0000000081e00000| Untracked 
|  31|0x0000000081f00000, 0x0000000081f00000, 0x0000000082000000|  0%| F|  |TAMS 0x0000000081f00000| PB 0x0000000081f00000| Untracked 
|  32|0x0000000082000000, 0x0000000082000000, 0x0000000082100000|  0%| F|  |TAMS 0x0000000082000000| PB 0x0000000082000000| Untracked 
|  33|0x0000000082100000, 0x0000000082100000, 0x0000000082200000|  0%| F|  |TAMS 0x0000000082100000| PB 0x0000000082100000| Untracked 
|  34|0x0000000082200000, 0x0000000082200000, 0x0000000082300000|  0%| F|  |TAMS 0x0000000082200000| PB 0x0000000082200000| Untracked 
|  35|0x0000000082300000, 0x0000000082300000, 0x0000000082400000|  0%| F|  |TAMS 0x0000000082300000| PB 0x0000000082300000| Untracked 
|  36|0x0000000082400000, 0x0000000082400000, 0x0000000082500000|  0%| F|  |TAMS 0x0000000082400000| PB 0x0000000082400000| Untracked 
|  37|0x0000000082500000, 0x0000000082500000, 0x0000000082600000|  0%| F|  |TAMS 0x0000000082500000| PB 0x0000000082500000| Untracked 
|  38|0x0000000082600000, 0x0000000082600000, 0x0000000082700000|  0%| F|  |TAMS 0x0000000082600000| PB 0x0000000082600000| Untracked 
|  39|0x0000000082700000, 0x0000000082700000, 0x0000000082800000|  0%| F|  |TAMS 0x0000000082700000| PB 0x0000000082700000| Untracked 
|  40|0x0000000082800000, 0x0000000082800000, 0x0000000082900000|  0%| F|  |TAMS 0x0000000082800000| PB 0x0000000082800000| Untracked 
|  41|0x0000000082900000, 0x0000000082900000, 0x0000000082a00000|  0%| F|  |TAMS 0x0000000082900000| PB 0x0000000082900000| Untracked 
|  42|0x0000000082a00000, 0x0000000082a00000, 0x0000000082b00000|  0%| F|  |TAMS 0x0000000082a00000| PB 0x0000000082a00000| Untracked 
|  43|0x0000000082b00000, 0x0000000082b00000, 0x0000000082c00000|  0%| F|  |TAMS 0x0000000082b00000| PB 0x0000000082b00000| Untracked 
|  44|0x0000000082c00000, 0x0000000082c00000, 0x0000000082d00000|  0%| F|  |TAMS 0x0000000082c00000| PB 0x0000000082c00000| Untracked 
|  45|0x0000000082d00000, 0x0000000082d00000, 0x0000000082e00000|  0%| F|  |TAMS 0x0000000082d00000| PB 0x0000000082d00000| Untracked 
|  46|0x0000000082e00000, 0x0000000082e00000, 0x0000000082f00000|  0%| F|  |TAMS 0x0000000082e00000| PB 0x0000000082e00000| Untracked 
|  47|0x0000000082f00000, 0x0000000082f00000, 0x0000000083000000|  0%| F|  |TAMS 0x0000000082f00000| PB 0x0000000082f00000| Untracked 
|  48|0x0000000083000000, 0x0000000083000000, 0x0000000083100000|  0%| F|  |TAMS 0x0000000083000000| PB 0x0000000083000000| Untracked 
|  49|0x0000000083100000, 0x0000000083100000, 0x0000000083200000|  0%| F|  |TAMS 0x0000000083100000| PB 0x0000000083100000| Untracked 
|  50|0x0000000083200000, 0x0000000083200000, 0x0000000083300000|  0%| F|  |TAMS 0x0000000083200000| PB 0x0000000083200000| Untracked 
|  51|0x0000000083300000, 0x0000000083300000, 0x0000000083400000|  0%| F|  |TAMS 0x0000000083300000| PB 0x0000000083300000| Untracked 
|  52|0x0000000083400000, 0x0000000083400000, 0x0000000083500000|  0%| F|  |TAMS 0x0000000083400000| PB 0x0000000083400000| Untracked 
|  53|0x0000000083500000, 0x0000000083500000, 0x0000000083600000|  0%| F|  |TAMS 0x0000000083500000| PB 0x0000000083500000| Untracked 
|  54|0x0000000083600000, 0x0000000083600000, 0x0000000083700000|  0%| F|  |TAMS 0x0000000083600000| PB 0x0000000083600000| Untracked 
|  55|0x0000000083700000, 0x0000000083700000, 0x0000000083800000|  0%| F|  |TAMS 0x0000000083700000| PB 0x0000000083700000| Untracked 
|  56|0x0000000083800000, 0x0000000083800000, 0x0000000083900000|  0%| F|  |TAMS 0x0000000083800000| PB 0x0000000083800000| Untracked 
|  57|0x0000000083900000, 0x0000000083900000, 0x0000000083a00000|  0%| F|  |TAMS 0x0000000083900000| PB 0x0000000083900000| Untracked 
|  58|0x0000000083a00000, 0x0000000083a00000, 0x0000000083b00000|  0%| F|  |TAMS 0x0000000083a00000| PB 0x0000000083a00000| Untracked 
|  59|0x0000000083b00000, 0x0000000083b00000, 0x0000000083c00000|  0%| F|  |TAMS 0x0000000083b00000| PB 0x0000000083b00000| Untracked 
|  60|0x0000000083c00000, 0x0000000083c00000, 0x0000000083d00000|  0%| F|  |TAMS 0x0000000083c00000| PB 0x0000000083c00000| Untracked 
|  61|0x0000000083d00000, 0x0000000083d00000, 0x0000000083e00000|  0%| F|  |TAMS 0x0000000083d00000| PB 0x0000000083d00000| Untracked 
|  62|0x0000000083e00000, 0x0000000083e00000, 0x0000000083f00000|  0%| F|  |TAMS 0x0000000083e00000| PB 0x0000000083e00000| Untracked 
|  63|0x0000000083f00000, 0x0000000083f00000, 0x0000000084000000|  0%| F|  |TAMS 0x0000000083f00000| PB 0x0000000083f00000| Untracked 
|  64|0x0000000084000000, 0x0000000084000000, 0x0000000084100000|  0%| F|  |TAMS 0x0000000084000000| PB 0x0000000084000000| Untracked 
|  65|0x0000000084100000, 0x0000000084100000, 0x0000000084200000|  0%| F|  |TAMS 0x0000000084100000| PB 0x0000000084100000| Untracked 
|  66|0x0000000084200000, 0x0000000084200000, 0x0000000084300000|  0%| F|  |TAMS 0x0000000084200000| PB 0x0000000084200000| Untracked 
|  67|0x0000000084300000, 0x0000000084300000, 0x0000000084400000|  0%| F|  |TAMS 0x0000000084300000| PB 0x0000000084300000| Untracked 
|  68|0x0000000084400000, 0x0000000084400000, 0x0000000084500000|  0%| F|  |TAMS 0x0000000084400000| PB 0x0000000084400000| Untracked 
|  69|0x0000000084500000, 0x0000000084500000, 0x0000000084600000|  0%| F|  |TAMS 0x0000000084500000| PB 0x0000000084500000| Untracked 
|  70|0x0000000084600000, 0x0000000084600000, 0x0000000084700000|  0%| F|  |TAMS 0x0000000084600000| PB 0x0000000084600000| Untracked 
|  71|0x0000000084700000, 0x0000000084700000, 0x0000000084800000|  0%| F|  |TAMS 0x0000000084700000| PB 0x0000000084700000| Untracked 
|  72|0x0000000084800000, 0x0000000084800000, 0x0000000084900000|  0%| F|  |TAMS 0x0000000084800000| PB 0x0000000084800000| Untracked 
|  73|0x0000000084900000, 0x0000000084900000, 0x0000000084a00000|  0%| F|  |TAMS 0x0000000084900000| PB 0x0000000084900000| Untracked 
|  74|0x0000000084a00000, 0x0000000084a00000, 0x0000000084b00000|  0%| F|  |TAMS 0x0000000084a00000| PB 0x0000000084a00000| Untracked 
|  75|0x0000000084b00000, 0x0000000084b00000, 0x0000000084c00000|  0%| F|  |TAMS 0x0000000084b00000| PB 0x0000000084b00000| Untracked 
|  76|0x0000000084c00000, 0x0000000084c00000, 0x0000000084d00000|  0%| F|  |TAMS 0x0000000084c00000| PB 0x0000000084c00000| Untracked 
|  77|0x0000000084d00000, 0x0000000084d00000, 0x0000000084e00000|  0%| F|  |TAMS 0x0000000084d00000| PB 0x0000000084d00000| Untracked 
|  78|0x0000000084e00000, 0x0000000084e00000, 0x0000000084f00000|  0%| F|  |TAMS 0x0000000084e00000| PB 0x0000000084e00000| Untracked 
|  79|0x0000000084f00000, 0x0000000084f00000, 0x0000000085000000|  0%| F|  |TAMS 0x0000000084f00000| PB 0x0000000084f00000| Untracked 
|  80|0x0000000085000000, 0x0000000085000000, 0x0000000085100000|  0%| F|  |TAMS 0x0000000085000000| PB 0x0000000085000000| Untracked 
|  81|0x0000000085100000, 0x0000000085100000, 0x0000000085200000|  0%| F|  |TAMS 0x0000000085100000| PB 0x0000000085100000| Untracked 
|  82|0x0000000085200000, 0x0000000085200000, 0x0000000085300000|  0%| F|  |TAMS 0x0000000085200000| PB 0x0000000085200000| Untracked 
|  83|0x0000000085300000, 0x0000000085300000, 0x0000000085400000|  0%| F|  |TAMS 0x0000000085300000| PB 0x0000000085300000| Untracked 
|  84|0x0000000085400000, 0x0000000085400000, 0x0000000085500000|  0%| F|  |TAMS 0x0000000085400000| PB 0x0000000085400000| Untracked 
|  85|0x0000000085500000, 0x0000000085500000, 0x0000000085600000|  0%| F|  |TAMS 0x0000000085500000| PB 0x0000000085500000| Untracked 
|  86|0x0000000085600000, 0x0000000085600000, 0x0000000085700000|  0%| F|  |TAMS 0x0000000085600000| PB 0x0000000085600000| Untracked 
|  87|0x0000000085700000, 0x0000000085700000, 0x0000000085800000|  0%| F|  |TAMS 0x0000000085700000| PB 0x0000000085700000| Untracked 
|  88|0x0000000085800000, 0x0000000085800000, 0x0000000085900000|  0%| F|  |TAMS 0x0000000085800000| PB 0x0000000085800000| Untracked 
|  89|0x0000000085900000, 0x0000000085900000, 0x0000000085a00000|  0%| F|  |TAMS 0x0000000085900000| PB 0x0000000085900000| Untracked 
|  90|0x0000000085a00000, 0x0000000085a00000, 0x0000000085b00000|  0%| F|  |TAMS 0x0000000085a00000| PB 0x0000000085a00000| Untracked 
|  91|0x0000000085b00000, 0x0000000085b00000, 0x0000000085c00000|  0%| F|  |TAMS 0x0000000085b00000| PB 0x0000000085b00000| Untracked 
|  92|0x0000000085c00000, 0x0000000085c00000, 0x0000000085d00000|  0%| F|  |TAMS 0x0000000085c00000| PB 0x0000000085c00000| Untracked 
|  93|0x0000000085d00000, 0x0000000085d00000, 0x0000000085e00000|  0%| F|  |TAMS 0x0000000085d00000| PB 0x0000000085d00000| Untracked 
|  94|0x0000000085e00000, 0x0000000085e00000, 0x0000000085f00000|  0%| F|  |TAMS 0x0000000085e00000| PB 0x0000000085e00000| Untracked 
|  95|0x0000000085f00000, 0x0000000085f00000, 0x0000000086000000|  0%| F|  |TAMS 0x0000000085f00000| PB 0x0000000085f00000| Untracked 
|  96|0x0000000086000000, 0x0000000086000000, 0x0000000086100000|  0%| F|  |TAMS 0x0000000086000000| PB 0x0000000086000000| Untracked 
|  97|0x0000000086100000, 0x0000000086100000, 0x0000000086200000|  0%| F|  |TAMS 0x0000000086100000| PB 0x0000000086100000| Untracked 
|  98|0x0000000086200000, 0x0000000086200000, 0x0000000086300000|  0%| F|  |TAMS 0x0000000086200000| PB 0x0000000086200000| Untracked 
|  99|0x0000000086300000, 0x0000000086300000, 0x0000000086400000|  0%| F|  |TAMS 0x0000000086300000| PB 0x0000000086300000| Untracked 
| 100|0x0000000086400000, 0x0000000086400000, 0x0000000086500000|  0%| F|  |TAMS 0x0000000086400000| PB 0x0000000086400000| Untracked 
| 101|0x0000000086500000, 0x0000000086500000, 0x0000000086600000|  0%| F|  |TAMS 0x0000000086500000| PB 0x0000000086500000| Untracked 
| 102|0x0000000086600000, 0x0000000086600000, 0x0000000086700000|  0%| F|  |TAMS 0x0000000086600000| PB 0x0000000086600000| Untracked 
| 103|0x0000000086700000, 0x0000000086700000, 0x0000000086800000|  0%| F|  |TAMS 0x0000000086700000| PB 0x0000000086700000| Untracked 
| 104|0x0000000086800000, 0x0000000086800000, 0x0000000086900000|  0%| F|  |TAMS 0x0000000086800000| PB 0x0000000086800000| Untracked 
| 105|0x0000000086900000, 0x0000000086900000, 0x0000000086a00000|  0%| F|  |TAMS 0x0000000086900000| PB 0x0000000086900000| Untracked 
| 106|0x0000000086a00000, 0x0000000086a00000, 0x0000000086b00000|  0%| F|  |TAMS 0x0000000086a00000| PB 0x0000000086a00000| Untracked 
| 107|0x0000000086b00000, 0x0000000086b00000, 0x0000000086c00000|  0%| F|  |TAMS 0x0000000086b00000| PB 0x0000000086b00000| Untracked 
| 108|0x0000000086c00000, 0x0000000086c00000, 0x0000000086d00000|  0%| F|  |TAMS 0x0000000086c00000| PB 0x0000000086c00000| Untracked 
| 109|0x0000000086d00000, 0x0000000086d00000, 0x0000000086e00000|  0%| F|  |TAMS 0x0000000086d00000| PB 0x0000000086d00000| Untracked 
| 110|0x0000000086e00000, 0x0000000086e00000, 0x0000000086f00000|  0%| F|  |TAMS 0x0000000086e00000| PB 0x0000000086e00000| Untracked 
| 111|0x0000000086f00000, 0x0000000086f00000, 0x0000000087000000|  0%| F|  |TAMS 0x0000000086f00000| PB 0x0000000086f00000| Untracked 
| 112|0x0000000087000000, 0x0000000087000000, 0x0000000087100000|  0%| F|  |TAMS 0x0000000087000000| PB 0x0000000087000000| Untracked 
| 113|0x0000000087100000, 0x0000000087100000, 0x0000000087200000|  0%| F|  |TAMS 0x0000000087100000| PB 0x0000000087100000| Untracked 
| 114|0x0000000087200000, 0x0000000087200000, 0x0000000087300000|  0%| F|  |TAMS 0x0000000087200000| PB 0x0000000087200000| Untracked 
| 115|0x0000000087300000, 0x0000000087300000, 0x0000000087400000|  0%| F|  |TAMS 0x0000000087300000| PB 0x0000000087300000| Untracked 
| 116|0x0000000087400000, 0x0000000087400000, 0x0000000087500000|  0%| F|  |TAMS 0x0000000087400000| PB 0x0000000087400000| Untracked 
| 117|0x0000000087500000, 0x0000000087500000, 0x0000000087600000|  0%| F|  |TAMS 0x0000000087500000| PB 0x0000000087500000| Untracked 
| 118|0x0000000087600000, 0x0000000087600000, 0x0000000087700000|  0%| F|  |TAMS 0x0000000087600000| PB 0x0000000087600000| Untracked 
| 119|0x0000000087700000, 0x0000000087700000, 0x0000000087800000|  0%| F|  |TAMS 0x0000000087700000| PB 0x0000000087700000| Untracked 
| 120|0x0000000087800000, 0x0000000087800000, 0x0000000087900000|  0%| F|  |TAMS 0x0000000087800000| PB 0x0000000087800000| Untracked 
| 121|0x0000000087900000, 0x0000000087900000, 0x0000000087a00000|  0%| F|  |TAMS 0x0000000087900000| PB 0x0000000087900000| Untracked 
| 122|0x0000000087a00000, 0x0000000087a00000, 0x0000000087b00000|  0%| F|  |TAMS 0x0000000087a00000| PB 0x0000000087a00000| Untracked 
| 123|0x0000000087b00000, 0x0000000087b00000, 0x0000000087c00000|  0%| F|  |TAMS 0x0000000087b00000| PB 0x0000000087b00000| Untracked 
| 124|0x0000000087c00000, 0x0000000087c00000, 0x0000000087d00000|  0%| F|  |TAMS 0x0000000087c00000| PB 0x0000000087c00000| Untracked 
| 125|0x0000000087d00000, 0x0000000087d00000, 0x0000000087e00000|  0%| F|  |TAMS 0x0000000087d00000| PB 0x0000000087d00000| Untracked 
| 126|0x0000000087e00000, 0x0000000087e00000, 0x0000000087f00000|  0%| F|  |TAMS 0x0000000087e00000| PB 0x0000000087e00000| Untracked 
| 127|0x0000000087f00000, 0x0000000087f9a7b8, 0x0000000088000000| 60%| E|  |TAMS 0x0000000087f00000| PB 0x0000000087f00000| Complete 

Card table byte_map: [0x0000027698580000,0x0000027698980000] _byte_map_base: 0x0000027698180000

Marking Bits: (CMBitMap*) 0x000002768558fda0
 Bits: [0x0000027698980000, 0x000002769a980000)

Polling page: 0x00000276831d0000

Metaspace:

Usage:
  Non-class:      3.44 MB used.
      Class:    282.12 KB used.
       Both:      3.71 MB used.

Virtual space:
  Non-class space:       64.00 MB reserved,       3.44 MB (  5%) committed,  1 nodes.
      Class space:        1.00 GB reserved,     320.00 KB ( <1%) committed,  1 nodes.
             Both:        1.06 GB reserved,       3.75 MB ( <1%) committed. 

Chunk freelists:
   Non-Class:  12.00 MB
       Class:  15.62 MB
        Both:  27.62 MB

MaxMetaspaceSize: unlimited
CompressedClassSpaceSize: 1.00 GB
Initial GC threshold: 21.00 MB
Current GC threshold: 21.00 MB
CDS: off
 - commit_granule_bytes: 65536.
 - commit_granule_words: 8192.
 - virtual_space_node_default_size: 8388608.
 - enlarge_chunks_in_place: 1.
 - use_allocation_guard: 0.


Internal statistics:

num_allocs_failed_limit: 0.
num_arena_births: 2.
num_arena_deaths: 0.
num_vsnodes_births: 2.
num_vsnodes_deaths: 0.
num_space_committed: 60.
num_space_uncommitted: 0.
num_chunks_returned_to_freelist: 0.
num_chunks_taken_from_freelist: 4.
num_chunk_merges: 0.
num_chunk_splits: 2.
num_chunks_enlarged: 0.
num_inconsistent_stats: 0.

CodeHeap 'non-profiled nmethods': size=120064Kb used=1Kb max_used=1Kb free=120062Kb
 bounds [0x0000027691040000, 0x00000276912b0000, 0x0000027698580000]
CodeHeap 'profiled nmethods': size=120000Kb used=3Kb max_used=3Kb free=119996Kb
 bounds [0x0000027689580000, 0x00000276897f0000, 0x0000027690ab0000]
CodeHeap 'non-nmethods': size=5696Kb used=1152Kb max_used=1152Kb free=4543Kb
 bounds [0x0000027690ab0000, 0x0000027690d20000, 0x0000027691040000]
CodeCache: size=245760Kb, used=1156Kb, max_used=1156Kb, free=244601Kb
 total_blobs=295, nmethods=4, adapters=197, full_count=0
Compilation: enabled, stopped_count=0, restarted_count=0

Compilation events (6 events):
Event: 0.344 Thread 0x00000276a106b8a0    1       3       jdk.internal.util.ArraysSupport::signedHashCode (37 bytes)
Event: 0.345 Thread 0x00000276a106b8a0 nmethod 1 0x0000027689580010 code [0x00000276895801c0, 0x0000027689580390]
Event: 0.346 Thread 0x00000276a106b8a0    2       3       java.lang.Object::<init> (1 bytes)
Event: 0.347 Thread 0x00000276a106b8a0 nmethod 2 0x0000027689580490 code [0x0000027689580620, 0x0000027689580728]
Event: 0.355 Thread 0x00000276a106b8a0    3       3       java.lang.String::hashCode (60 bytes)
Event: 0.356 Thread 0x00000276a106b8a0 nmethod 3 0x0000027689580790 code [0x0000027689580960, 0x0000027689580ca0]

GC Heap History (0 events):
No events

Dll operation events (2 events):
Event: 0.011 Loaded shared library C:\Program Files\JetBrains\IntelliJ IDEA 2025.2.4\jbr\bin\java.dll
Event: 0.223 Loaded shared library C:\Program Files\JetBrains\IntelliJ IDEA 2025.2.4\jbr\bin\zip.dll

Deoptimization events (0 events):
No events

Classes loaded (20 events):
Event: 0.359 Loading class jdk/internal/module/ModuleBootstrap$Counters done
Event: 0.359 Loading class jdk/internal/module/ArchivedBootLayer
Event: 0.359 Loading class jdk/internal/module/ArchivedBootLayer done
Event: 0.359 Loading class jdk/internal/module/ArchivedModuleGraph
Event: 0.359 Loading class jdk/internal/module/ArchivedModuleGraph done
Event: 0.359 Loading class jdk/internal/module/SystemModuleFinders
Event: 0.359 Loading class jdk/internal/module/SystemModuleFinders done
Event: 0.359 Loading class java/net/URI
Event: 0.361 Loading class java/net/URI done
Event: 0.362 Loading class java/net/URI$1
Event: 0.362 Loading class jdk/internal/access/JavaNetUriAccess
Event: 0.362 Loading class jdk/internal/access/JavaNetUriAccess done
Event: 0.362 Loading class java/net/URI$1 done
Event: 0.362 Loading class jdk/internal/module/SystemModulesMap
Event: 0.363 Loading class jdk/internal/module/SystemModulesMap done
Event: 0.363 Loading class jdk/internal/module/SystemModules$default
Event: 0.364 Loading class jdk/internal/module/SystemModules
Event: 0.364 Loading class jdk/internal/module/SystemModules done
Event: 0.364 Loading class jdk/internal/module/SystemModules$default done
Event: 0.364 Loading class jdk/internal/module/Builder

Classes unloaded (0 events):
No events

Classes redefined (0 events):
No events

Internal exceptions (0 events):
No events

ZGC Phase Switch (0 events):
No events

VM Operations (0 events):
No events

Memory protections (0 events):
No events

Nmethod flushes (0 events):
No events

Events (10 events):
Event: 0.219 Thread 0x0000027685539890 Thread added: 0x0000027685539890
Event: 0.328 Thread 0x0000027685539890 Thread added: 0x00000276a102a770
Event: 0.340 Thread 0x0000027685539890 Thread added: 0x00000276a102bb10
Event: 0.341 Thread 0x0000027685539890 Thread added: 0x00000276a1065b30
Event: 0.342 Thread 0x0000027685539890 Thread added: 0x00000276a1066940
Event: 0.342 Thread 0x0000027685539890 Thread added: 0x00000276a10673a0
Event: 0.342 Thread 0x0000027685539890 Thread added: 0x00000276a1068970
Event: 0.342 Thread 0x0000027685539890 Thread added: 0x00000276a1069f40
Event: 0.342 Thread 0x0000027685539890 Thread added: 0x00000276a106ae00
Event: 0.342 Thread 0x0000027685539890 Thread added: 0x00000276a106b8a0


Dynamic libraries:
0x00007ff63f5a0000 - 0x00007ff63f5aa000 	C:\Program Files\JetBrains\IntelliJ IDEA 2025.2.4\jbr\bin\java.exe
0x00007ffaf94e0000 - 0x00007ffaf9748000 	C:\Windows\SYSTEM32\ntdll.dll
0x00007ffaf8b30000 - 0x00007ffaf8bf9000 	C:\Windows\System32\KERNEL32.DLL
0x00007ffaf6b20000 - 0x00007ffaf6f18000 	C:\Windows\System32\KERNELBASE.dll
0x00007ffaf6850000 - 0x00007ffaf699b000 	C:\Windows\System32\ucrtbase.dll
0x00007ffaecba0000 - 0x00007ffaecbbb000 	C:\Program Files\JetBrains\IntelliJ IDEA 2025.2.4\jbr\bin\VCRUNTIME140.dll
0x00007ffad0fe0000 - 0x00007ffad0ff8000 	C:\Program Files\JetBrains\IntelliJ IDEA 2025.2.4\jbr\bin\jli.dll
0x00007ffaf8e00000 - 0x00007ffaf8fc7000 	C:\Windows\System32\USER32.dll
0x00007ffaf7110000 - 0x00007ffaf7137000 	C:\Windows\System32\win32u.dll
0x00007ffaf7fb0000 - 0x00007ffaf7fdb000 	C:\Windows\System32\GDI32.dll
0x00007ffad58b0000 - 0x00007ffad5b44000 	C:\Windows\WinSxS\amd64_microsoft.windows.common-controls_6595b64144ccf1df_6.0.26100.7019_none_3e06ffa0e335b8a8\COMCTL32.dll
0x00007ffaf6f20000 - 0x00007ffaf704c000 	C:\Windows\System32\gdi32full.dll
0x00007ffaf7140000 - 0x00007ffaf71e3000 	C:\Windows\System32\msvcp_win.dll
0x00007ffaf7a50000 - 0x00007ffaf7af9000 	C:\Windows\System32\msvcrt.dll
0x00007ffaf7500000 - 0x00007ffaf7531000 	C:\Windows\System32\IMM32.DLL
0x00007ffaf16a0000 - 0x00007ffaf16ac000 	C:\Program Files\JetBrains\IntelliJ IDEA 2025.2.4\jbr\bin\vcruntime140_1.dll
0x00007ffaad8c0000 - 0x00007ffaad94d000 	C:\Program Files\JetBrains\IntelliJ IDEA 2025.2.4\jbr\bin\msvcp140.dll
0x00007ffaaf050000 - 0x00007ffaafe1b000 	C:\Program Files\JetBrains\IntelliJ IDEA 2025.2.4\jbr\bin\server\jvm.dll
0x00007ffaf8750000 - 0x00007ffaf8804000 	C:\Windows\System32\ADVAPI32.dll
0x00007ffaf89a0000 - 0x00007ffaf8a46000 	C:\Windows\System32\sechost.dll
0x00007ffaf8c00000 - 0x00007ffaf8d18000 	C:\Windows\System32\RPCRT4.dll
0x00007ffaf8d80000 - 0x00007ffaf8df4000 	C:\Windows\System32\WS2_32.dll
0x00007ffaf64b0000 - 0x00007ffaf650e000 	C:\Windows\SYSTEM32\POWRPROF.dll
0x00007ffaca210000 - 0x00007ffaca245000 	C:\Windows\SYSTEM32\WINMM.dll
0x00007ffaef060000 - 0x00007ffaef06b000 	C:\Windows\SYSTEM32\VERSION.dll
0x00007ffaf6490000 - 0x00007ffaf64a4000 	C:\Windows\SYSTEM32\UMPDC.dll
0x00007ffaf53f0000 - 0x00007ffaf540b000 	C:\Windows\SYSTEM32\kernel.appcore.dll
0x00007ffaf1620000 - 0x00007ffaf162a000 	C:\Program Files\JetBrains\IntelliJ IDEA 2025.2.4\jbr\bin\jimage.dll
0x00007ffad8020000 - 0x00007ffad8262000 	C:\Windows\SYSTEM32\DBGHELP.DLL
0x00007ffaf76c0000 - 0x00007ffaf7a4b000 	C:\Windows\System32\combase.dll
0x00007ffaf8a50000 - 0x00007ffaf8b27000 	C:\Windows\System32\OLEAUT32.dll
0x00007ffae9470000 - 0x00007ffae94ac000 	C:\Windows\SYSTEM32\dbgcore.DLL
0x00007ffaf67a0000 - 0x00007ffaf6845000 	C:\Windows\System32\bcryptPrimitives.dll
0x00007ffae8800000 - 0x00007ffae8820000 	C:\Program Files\JetBrains\IntelliJ IDEA 2025.2.4\jbr\bin\java.dll
0x00007ffae6c70000 - 0x00007ffae6c88000 	C:\Program Files\JetBrains\IntelliJ IDEA 2025.2.4\jbr\bin\zip.dll
0x00007ffaf7ff0000 - 0x00007ffaf873f000 	C:\Windows\System32\SHELL32.dll
0x00007ffaf6630000 - 0x00007ffaf679b000 	C:\Windows\System32\wintypes.dll
0x00007ffaf4290000 - 0x00007ffaf4aed000 	C:\Windows\SYSTEM32\windows.storage.dll
0x00007ffaf75c0000 - 0x00007ffaf76b2000 	C:\Windows\System32\SHCORE.dll
0x00007ffaf8870000 - 0x00007ffaf88d7000 	C:\Windows\System32\shlwapi.dll
0x00007ffaf6550000 - 0x00007ffaf6579000 	C:\Windows\SYSTEM32\profapi.dll

JVMTI agents: none

dbghelp: loaded successfully - version: 4.0.5 - missing functions: none
symbol engine: initialized successfully - sym options: 0x614 - pdb path: .;C:\Program Files\JetBrains\IntelliJ IDEA 2025.2.4\jbr\bin;C:\Windows\SYSTEM32;C:\Windows\WinSxS\amd64_microsoft.windows.common-controls_6595b64144ccf1df_6.0.26100.7019_none_3e06ffa0e335b8a8;C:\Program Files\JetBrains\IntelliJ IDEA 2025.2.4\jbr\bin\server

VM Arguments:
java_command: git4idea.http.GitAskPassApp Username for 'https://github.com': 
java_class_path (initial): C:/Program Files/JetBrains/IntelliJ IDEA 2025.2.4/plugins/vcs-git/lib/git4idea-rt.jar;C:/Program Files/JetBrains/IntelliJ IDEA 2025.2.4/lib/externalProcess-rt.jar
Launcher Type: SUN_STANDARD

[Global flags]
     intx CICompilerCount                          = 2                                         {product} {ergonomic}
     uint ConcGCThreads                            = 1                                         {product} {ergonomic}
     uint G1ConcRefinementThreads                  = 2                                         {product} {ergonomic}
   size_t G1HeapRegionSize                         = 1048576                                   {product} {ergonomic}
    uintx GCDrainStackTargetSize                   = 64                                        {product} {ergonomic}
   size_t InitialHeapSize                          = 134217728                                 {product} {ergonomic}
   size_t MarkStackSize                            = 4194304                                   {product} {ergonomic}
   size_t MaxHeapSize                              = 2147483648                                {product} {ergonomic}
   size_t MaxNewSize                               = 1287651328                                {product} {ergonomic}
   size_t MinHeapDeltaBytes                        = 1048576                                   {product} {ergonomic}
   size_t MinHeapSize                              = 8388608                                   {product} {ergonomic}
    uintx NonNMethodCodeHeapSize                   = 5826188                                {pd product} {ergonomic}
    uintx NonProfiledCodeHeapSize                  = 122916026                              {pd product} {ergonomic}
    uintx ProfiledCodeHeapSize                     = 122916026                              {pd product} {ergonomic}
    uintx ReservedCodeCacheSize                    = 251658240                              {pd product} {ergonomic}
     bool SegmentedCodeCache                       = true                                      {product} {ergonomic}
   size_t SoftMaxHeapSize                          = 2147483648                             {manageable} {ergonomic}
     bool UseCompressedOops                        = true                           {product lp64_product} {ergonomic}
     bool UseG1GC                                  = true                                      {product} {ergonomic}
     bool UseLargePagesIndividualAllocation        = false                                  {pd product} {ergonomic}

Logging:
Log output configuration:
 #0: stdout all=warning uptime,level,tags foldmultilines=false
 #1: stderr all=off uptime,level,tags foldmultilines=false

Environment Variables:
PATH=C:/Program Files/Git/mingw64/libexec/git-core;C:/Program Files/Git/mingw64/libexec/git-core;C:\Program Files\Git\mingw64\bin;C:\Program Files\Git\usr\bin;C:\Users\evogenfive4\bin;C:\Program Files\Common Files\Oracle\Java\javapath;C:\Windows\system32;C:\Windows;C:\Windows\System32\Wbem;C:\Windows\System32\WindowsPowerShell\v1.0\;C:\Windows\System32\OpenSSH\;C:\Program Files\nodejs\;C:\Program Files\cursor\resources\app\bin;C:\Program Files\PuTTY\;C:\Program Files\Git\cmd;C:\Users\evogenfive4\AppData\Local\Microsoft\WindowsApps;C:\Users\evogenfive4\AppData\Local\Programs\Microsoft VS Code\bin
USERNAME=evogenfive4
DISPLAY=:0.0
LC_ALL=en_US.UTF-8
TERM=xterm-256color
TMPDIR=C:\Users\EVOGEN~1\AppData\Local\Temp
OS=Windows_NT
PROCESSOR_IDENTIFIER=Intel64 Family 6 Model 85 Stepping 4, GenuineIntel
TMP=C:\Users\EVOGEN~1\AppData\Local\Temp
TEMP=C:\Users\EVOGEN~1\AppData\Local\Temp




Periodic native trim disabled

JNI global refs:
JNI global refs: 3, weak refs: 0

JNI global refs memory usage: 835, weak refs: 201

Process memory usage:
Resident Set Size: 30060K (0% of 8387460K total physical memory with 1139556K free physical memory)

OOME stack traces (most recent first):
Classloader memory used:
Loader bootstrap                                                                       : 3802K

---------------  S Y S T E M  ---------------

OS:
 Windows 11 , 64 bit Build 26100 (10.0.26100.7019)
OS uptime: 0 days 6:41 hours
Hyper-V virtualization detected

CPU: total 2 (initial active 2) (2 cores per cpu, 1 threads per core) family 6 model 85 stepping 4 microcode 0xffffffff, cx8, cmov, fxsr, mmx, 3dnowpref, sse, sse2, sse3, ssse3, sse4.1, sse4.2, popcnt, lzcnt, tsc, avx, avx2, aes, erms, clmul, bmi1, bmi2, rtm, adx, fma, vzeroupper, clflush, clflushopt, hv, rdtscp, f16c
Processor Information for the first 2 processors :
  Max Mhz: 2095, Current Mhz: 2095, Mhz Limit: 2095

Memory: 4k page, system-wide physical 8190M (1112M free)
TotalPageFile size 10238M (AvailPageFile size 3M)
current process WorkingSet (physical memory assigned to process): 29M, peak: 29M
current process commit charge ("private bytes"): 187M, peak: 190M

vm_info: OpenJDK 64-Bit Server VM (21.0.8+1-b1038.73) for windows-amd64 JRE (21.0.8+1-b1038.73), built on 2025-09-24 by "builduser" with MS VC++ 16.10 / 16.11 (VS2019)

END.
