#
# There is insufficient memory for the Java Runtime Environment to continue.
# Native memory allocation (malloc) failed to allocate 84016 bytes. Error detail: Chunk::new
# Possible reasons:
#   The system is out of physical RAM or swap space
#   This process is running with CompressedOops enabled, and the Java Heap may be blocking the growth of the native heap
# Possible solutions:
#   Reduce memory load on the system
#   Increase physical memory or swap space
#   Check if swap backing store is full
#   Decrease Java heap size (-Xmx/-Xms)
#   Decrease number of Java threads
#   Decrease Java thread stack sizes (-Xss)
#   Set larger code cache with -XX:ReservedCodeCacheSize=
#   JVM is running with Unscaled Compressed Oops mode in which the Java heap is
#     placed in the first 4GB address space. The Java Heap base address is the
#     maximum limit for the native heap growth. Please use -XX:HeapBaseMinAddress
#     to set the Java Heap base and to place the Java Heap above 4GB virtual address.
# This output file may be truncated or incomplete.
#
#  Out of Memory Error (arena.cpp:168), pid=13876, tid=8920
#
# JRE version: OpenJDK Runtime Environment JBR-21.0.8+1-1038.73-jcef (21.0.8+1) (build 21.0.8+1-b1038.73)
# Java VM: OpenJDK 64-Bit Server VM JBR-21.0.8+1-1038.73-jcef (21.0.8+1-b1038.73, mixed mode, tiered, compressed oops, compressed class ptrs, g1 gc, windows-amd64)
# No core dump will be written. Minidumps are not enabled by default on client versions of Windows
#

---------------  S U M M A R Y ------------

Command Line: git4idea.http.GitAskPassApp Username for 'https://github.com': 

Host: Intel(R) Xeon(R) Platinum 8171M CPU @ 2.60GHz, 2 cores, 7G,  Windows 11 , 64 bit Build 26100 (10.0.26100.7019)
Time: Sat Nov 15 09:48:58 2025 Coordinated Universal Time elapsed time: 0.783998 seconds (0d 0h 0m 0s)

---------------  T H R E A D  ---------------

Current thread (0x000001e5d20b83e0):  JavaThread "C2 CompilerThread0" daemon [_thread_in_native, id=8920, stack(0x000000456d300000,0x000000456d400000) (1024K)]


Current CompileTask:
C2:784  711       4       java.lang.StringLatin1::newString (24 bytes)

Stack: [0x000000456d300000,0x000000456d400000]
Native frames: (J=compiled Java code, j=interpreted, Vv=VM code, C=native code)
V  [jvm.dll+0x6ebeb9]
V  [jvm.dll+0x8cbec3]
V  [jvm.dll+0x8ce47e]
V  [jvm.dll+0x8ceb63]
V  [jvm.dll+0x28adf6]
V  [jvm.dll+0xc6f3d]
V  [jvm.dll+0xc7473]
V  [jvm.dll+0x3c7ab1]
V  [jvm.dll+0x393697]
V  [jvm.dll+0x392b0a]
V  [jvm.dll+0x251d92]
V  [jvm.dll+0x251361]
V  [jvm.dll+0x1ceb64]
V  [jvm.dll+0x260bfe]
V  [jvm.dll+0x25f146]
V  [jvm.dll+0x402ee6]
V  [jvm.dll+0x873a78]
V  [jvm.dll+0x6ea63d]
C  [ucrtbase.dll+0x37b0]
C  [KERNEL32.DLL+0x2e8d7]
C  [ntdll.dll+0x8c53c]


---------------  P R O C E S S  ---------------

Threads class SMR info:
_java_thread_list=0x000001e5d226e900, length=11, elements={
0x000001e5b81003f0, 0x000001e5d2077be0, 0x000001e5d20a9f00, 0x000001e5d20b4fd0,
0x000001e5d20d2150, 0x000001e5d20c7000, 0x000001e5d20c7a60, 0x000001e5d20b5640,
0x000001e5d20b83e0, 0x000001e5d20daab0, 0x000001e5d228ebb0
}

Java Threads: ( => current thread )
  0x000001e5b81003f0 JavaThread "main"                              [_thread_in_Java, id=1456, stack(0x000000456c400000,0x000000456c500000) (1024K)]
  0x000001e5d2077be0 JavaThread "Common-Cleaner"             daemon [_thread_blocked, id=6400, stack(0x000000456cc00000,0x000000456cd00000) (1024K)]
  0x000001e5d20a9f00 JavaThread "Reference Handler"          daemon [_thread_blocked, id=6764, stack(0x000000456cd00000,0x000000456ce00000) (1024K)]
  0x000001e5d20b4fd0 JavaThread "Finalizer"                  daemon [_thread_blocked, id=4020, stack(0x000000456ce00000,0x000000456cf00000) (1024K)]
  0x000001e5d20d2150 JavaThread "Signal Dispatcher"          daemon [_thread_blocked, id=13048, stack(0x000000456cf00000,0x000000456d000000) (1024K)]
  0x000001e5d20c7000 JavaThread "Attach Listener"            daemon [_thread_blocked, id=13784, stack(0x000000456d000000,0x000000456d100000) (1024K)]
  0x000001e5d20c7a60 JavaThread "Service Thread"             daemon [_thread_blocked, id=4888, stack(0x000000456d100000,0x000000456d200000) (1024K)]
  0x000001e5d20b5640 JavaThread "Monitor Deflation Thread"   daemon [_thread_blocked, id=6792, stack(0x000000456d200000,0x000000456d300000) (1024K)]
=>0x000001e5d20b83e0 JavaThread "C2 CompilerThread0"         daemon [_thread_in_native, id=8920, stack(0x000000456d300000,0x000000456d400000) (1024K)]
  0x000001e5d20daab0 JavaThread "C1 CompilerThread0"         daemon [_thread_blocked, id=10460, stack(0x000000456d400000,0x000000456d500000) (1024K)]
  0x000001e5d228ebb0 JavaThread "Notification Thread"        daemon [_thread_blocked, id=4720, stack(0x000000456d500000,0x000000456d600000) (1024K)]
Total: 11

Other Threads:
  0x000001e5d2040fe0 VMThread "VM Thread"                           [id=12452, stack(0x000000456cb00000,0x000000456cc00000) (1024K)]
  0x000001e5d1fb46a0 WatcherThread "VM Periodic Task Thread"        [id=4088, stack(0x000000456ca00000,0x000000456cb00000) (1024K)]
  0x000001e5ba61e750 WorkerThread "GC Thread#0"                     [id=372, stack(0x000000456c500000,0x000000456c600000) (1024K)]
  0x000001e5d259a5f0 WorkerThread "GC Thread#1"                     [id=8820, stack(0x000000456d600000,0x000000456d700000) (1024K)]
  0x000001e5ba6305b0 ConcurrentGCThread "G1 Main Marker"            [id=9472, stack(0x000000456c600000,0x000000456c700000) (1024K)]
  0x000001e5ba631850 WorkerThread "G1 Conc#0"                       [id=10144, stack(0x000000456c700000,0x000000456c800000) (1024K)]
  0x000001e5d1e73600 ConcurrentGCThread "G1 Refine#0"               [id=12456, stack(0x000000456c800000,0x000000456c900000) (1024K)]
  0x000001e5d1e76aa0 ConcurrentGCThread "G1 Service"                [id=11448, stack(0x000000456c900000,0x000000456ca00000) (1024K)]
Total: 8

Threads with active compile tasks:
C2 CompilerThread0  807  711       4       java.lang.StringLatin1::newString (24 bytes)
Total: 1

VM state: not at safepoint (normal execution)

VM Mutex/Monitor currently owned by a thread: None

Heap address: 0x0000000080000000, size: 2048 MB, Compressed Oops mode: 32-bit

CDS archive(s) not mapped
Compressed class space mapped at: 0x0000000100000000-0x0000000140000000, reserved size: 1073741824
Narrow klass base: 0x0000000000000000, Narrow klass shift: 3, Narrow klass range: 0x140000000

GC Precious Log:
 CardTable entry size: 512
 Card Set container configuration: InlinePtr #cards 5 size 8 Array Of Cards #cards 12 size 40 Howl #buckets 4 coarsen threshold 1843 Howl Bitmap #cards 512 size 80 coarsen threshold 460 Card regions per heap region 1 cards per card region 2048
 CPUs: 2 total, 2 available
 Memory: 8190M
 Large Page Support: Disabled
 NUMA Support: Disabled
 Compressed Oops: Enabled (32-bit)
 Heap Region Size: 1M
 Heap Min Capacity: 8M
 Heap Initial Capacity: 128M
 Heap Max Capacity: 2G
 Pre-touch: Disabled
 Parallel Workers: 2
 Concurrent Workers: 1
 Concurrent Refinement Workers: 2
 Periodic GC: Disabled

Heap:
 garbage-first heap   total 131072K, used 1860K [0x0000000080000000, 0x0000000100000000)
  region size 1024K, 2 young (2048K), 1 survivors (1024K)
 Metaspace       used 13809K, committed 14016K, reserved 1114112K
  class space    used 1303K, committed 1408K, reserved 1048576K

Heap Regions: E=young(eden), S=young(survivor), O=old, HS=humongous(starts), HC=humongous(continues), CS=collection set, F=free, TAMS=top-at-mark-start, PB=parsable bottom
|   0|0x0000000080000000, 0x00000000800d1010, 0x0000000080100000| 81%| O|  |TAMS 0x0000000080000000| PB 0x0000000080000000| Untracked 
|   1|0x0000000080100000, 0x0000000080100000, 0x0000000080200000|  0%| F|  |TAMS 0x0000000080100000| PB 0x0000000080100000| Untracked 
|   2|0x0000000080200000, 0x0000000080200000, 0x0000000080300000|  0%| F|  |TAMS 0x0000000080200000| PB 0x0000000080200000| Untracked 
|   3|0x0000000080300000, 0x0000000080300000, 0x0000000080400000|  0%| F|  |TAMS 0x0000000080300000| PB 0x0000000080300000| Untracked 
|   4|0x0000000080400000, 0x0000000080400000, 0x0000000080500000|  0%| F|  |TAMS 0x0000000080400000| PB 0x0000000080400000| Untracked 
|   5|0x0000000080500000, 0x0000000080500000, 0x0000000080600000|  0%| F|  |TAMS 0x0000000080500000| PB 0x0000000080500000| Untracked 
|   6|0x0000000080600000, 0x0000000080600000, 0x0000000080700000|  0%| F|  |TAMS 0x0000000080600000| PB 0x0000000080600000| Untracked 
|   7|0x0000000080700000, 0x0000000080700000, 0x0000000080800000|  0%| F|  |TAMS 0x0000000080700000| PB 0x0000000080700000| Untracked 
|   8|0x0000000080800000, 0x0000000080800000, 0x0000000080900000|  0%| F|  |TAMS 0x0000000080800000| PB 0x0000000080800000| Untracked 
|   9|0x0000000080900000, 0x0000000080900000, 0x0000000080a00000|  0%| F|  |TAMS 0x0000000080900000| PB 0x0000000080900000| Untracked 
|  10|0x0000000080a00000, 0x0000000080a00000, 0x0000000080b00000|  0%| F|  |TAMS 0x0000000080a00000| PB 0x0000000080a00000| Untracked 
|  11|0x0000000080b00000, 0x0000000080b00000, 0x0000000080c00000|  0%| F|  |TAMS 0x0000000080b00000| PB 0x0000000080b00000| Untracked 
|  12|0x0000000080c00000, 0x0000000080c00000, 0x0000000080d00000|  0%| F|  |TAMS 0x0000000080c00000| PB 0x0000000080c00000| Untracked 
|  13|0x0000000080d00000, 0x0000000080d00000, 0x0000000080e00000|  0%| F|  |TAMS 0x0000000080d00000| PB 0x0000000080d00000| Untracked 
|  14|0x0000000080e00000, 0x0000000080e00000, 0x0000000080f00000|  0%| F|  |TAMS 0x0000000080e00000| PB 0x0000000080e00000| Untracked 
|  15|0x0000000080f00000, 0x0000000080f00000, 0x0000000081000000|  0%| F|  |TAMS 0x0000000080f00000| PB 0x0000000080f00000| Untracked 
|  16|0x0000000081000000, 0x0000000081000000, 0x0000000081100000|  0%| F|  |TAMS 0x0000000081000000| PB 0x0000000081000000| Untracked 
|  17|0x0000000081100000, 0x0000000081100000, 0x0000000081200000|  0%| F|  |TAMS 0x0000000081100000| PB 0x0000000081100000| Untracked 
|  18|0x0000000081200000, 0x0000000081200000, 0x0000000081300000|  0%| F|  |TAMS 0x0000000081200000| PB 0x0000000081200000| Untracked 
|  19|0x0000000081300000, 0x0000000081300000, 0x0000000081400000|  0%| F|  |TAMS 0x0000000081300000| PB 0x0000000081300000| Untracked 
|  20|0x0000000081400000, 0x0000000081400000, 0x0000000081500000|  0%| F|  |TAMS 0x0000000081400000| PB 0x0000000081400000| Untracked 
|  21|0x0000000081500000, 0x0000000081500000, 0x0000000081600000|  0%| F|  |TAMS 0x0000000081500000| PB 0x0000000081500000| Untracked 
|  22|0x0000000081600000, 0x0000000081600000, 0x0000000081700000|  0%| F|  |TAMS 0x0000000081600000| PB 0x0000000081600000| Untracked 
|  23|0x0000000081700000, 0x0000000081700000, 0x0000000081800000|  0%| F|  |TAMS 0x0000000081700000| PB 0x0000000081700000| Untracked 
|  24|0x0000000081800000, 0x0000000081800000, 0x0000000081900000|  0%| F|  |TAMS 0x0000000081800000| PB 0x0000000081800000| Untracked 
|  25|0x0000000081900000, 0x0000000081900000, 0x0000000081a00000|  0%| F|  |TAMS 0x0000000081900000| PB 0x0000000081900000| Untracked 
|  26|0x0000000081a00000, 0x0000000081a00000, 0x0000000081b00000|  0%| F|  |TAMS 0x0000000081a00000| PB 0x0000000081a00000| Untracked 
|  27|0x0000000081b00000, 0x0000000081b00000, 0x0000000081c00000|  0%| F|  |TAMS 0x0000000081b00000| PB 0x0000000081b00000| Untracked 
|  28|0x0000000081c00000, 0x0000000081c00000, 0x0000000081d00000|  0%| F|  |TAMS 0x0000000081c00000| PB 0x0000000081c00000| Untracked 
|  29|0x0000000081d00000, 0x0000000081d00000, 0x0000000081e00000|  0%| F|  |TAMS 0x0000000081d00000| PB 0x0000000081d00000| Untracked 
|  30|0x0000000081e00000, 0x0000000081e00000, 0x0000000081f00000|  0%| F|  |TAMS 0x0000000081e00000| PB 0x0000000081e00000| Untracked 
|  31|0x0000000081f00000, 0x0000000081f00000, 0x0000000082000000|  0%| F|  |TAMS 0x0000000081f00000| PB 0x0000000081f00000| Untracked 
|  32|0x0000000082000000, 0x0000000082000000, 0x0000000082100000|  0%| F|  |TAMS 0x0000000082000000| PB 0x0000000082000000| Untracked 
|  33|0x0000000082100000, 0x0000000082100000, 0x0000000082200000|  0%| F|  |TAMS 0x0000000082100000| PB 0x0000000082100000| Untracked 
|  34|0x0000000082200000, 0x0000000082200000, 0x0000000082300000|  0%| F|  |TAMS 0x0000000082200000| PB 0x0000000082200000| Untracked 
|  35|0x0000000082300000, 0x0000000082300000, 0x0000000082400000|  0%| F|  |TAMS 0x0000000082300000| PB 0x0000000082300000| Untracked 
|  36|0x0000000082400000, 0x0000000082400000, 0x0000000082500000|  0%| F|  |TAMS 0x0000000082400000| PB 0x0000000082400000| Untracked 
|  37|0x0000000082500000, 0x0000000082500000, 0x0000000082600000|  0%| F|  |TAMS 0x0000000082500000| PB 0x0000000082500000| Untracked 
|  38|0x0000000082600000, 0x0000000082600000, 0x0000000082700000|  0%| F|  |TAMS 0x0000000082600000| PB 0x0000000082600000| Untracked 
|  39|0x0000000082700000, 0x0000000082700000, 0x0000000082800000|  0%| F|  |TAMS 0x0000000082700000| PB 0x0000000082700000| Untracked 
|  40|0x0000000082800000, 0x0000000082800000, 0x0000000082900000|  0%| F|  |TAMS 0x0000000082800000| PB 0x0000000082800000| Untracked 
|  41|0x0000000082900000, 0x0000000082900000, 0x0000000082a00000|  0%| F|  |TAMS 0x0000000082900000| PB 0x0000000082900000| Untracked 
|  42|0x0000000082a00000, 0x0000000082a00000, 0x0000000082b00000|  0%| F|  |TAMS 0x0000000082a00000| PB 0x0000000082a00000| Untracked 
|  43|0x0000000082b00000, 0x0000000082b00000, 0x0000000082c00000|  0%| F|  |TAMS 0x0000000082b00000| PB 0x0000000082b00000| Untracked 
|  44|0x0000000082c00000, 0x0000000082c00000, 0x0000000082d00000|  0%| F|  |TAMS 0x0000000082c00000| PB 0x0000000082c00000| Untracked 
|  45|0x0000000082d00000, 0x0000000082d00000, 0x0000000082e00000|  0%| F|  |TAMS 0x0000000082d00000| PB 0x0000000082d00000| Untracked 
|  46|0x0000000082e00000, 0x0000000082e00000, 0x0000000082f00000|  0%| F|  |TAMS 0x0000000082e00000| PB 0x0000000082e00000| Untracked 
|  47|0x0000000082f00000, 0x0000000082f00000, 0x0000000083000000|  0%| F|  |TAMS 0x0000000082f00000| PB 0x0000000082f00000| Untracked 
|  48|0x0000000083000000, 0x0000000083000000, 0x0000000083100000|  0%| F|  |TAMS 0x0000000083000000| PB 0x0000000083000000| Untracked 
|  49|0x0000000083100000, 0x0000000083100000, 0x0000000083200000|  0%| F|  |TAMS 0x0000000083100000| PB 0x0000000083100000| Untracked 
|  50|0x0000000083200000, 0x0000000083200000, 0x0000000083300000|  0%| F|  |TAMS 0x0000000083200000| PB 0x0000000083200000| Untracked 
|  51|0x0000000083300000, 0x0000000083300000, 0x0000000083400000|  0%| F|  |TAMS 0x0000000083300000| PB 0x0000000083300000| Untracked 
|  52|0x0000000083400000, 0x0000000083400000, 0x0000000083500000|  0%| F|  |TAMS 0x0000000083400000| PB 0x0000000083400000| Untracked 
|  53|0x0000000083500000, 0x0000000083500000, 0x0000000083600000|  0%| F|  |TAMS 0x0000000083500000| PB 0x0000000083500000| Untracked 
|  54|0x0000000083600000, 0x0000000083600000, 0x0000000083700000|  0%| F|  |TAMS 0x0000000083600000| PB 0x0000000083600000| Untracked 
|  55|0x0000000083700000, 0x0000000083700000, 0x0000000083800000|  0%| F|  |TAMS 0x0000000083700000| PB 0x0000000083700000| Untracked 
|  56|0x0000000083800000, 0x0000000083800000, 0x0000000083900000|  0%| F|  |TAMS 0x0000000083800000| PB 0x0000000083800000| Untracked 
|  57|0x0000000083900000, 0x0000000083900000, 0x0000000083a00000|  0%| F|  |TAMS 0x0000000083900000| PB 0x0000000083900000| Untracked 
|  58|0x0000000083a00000, 0x0000000083a00000, 0x0000000083b00000|  0%| F|  |TAMS 0x0000000083a00000| PB 0x0000000083a00000| Untracked 
|  59|0x0000000083b00000, 0x0000000083b00000, 0x0000000083c00000|  0%| F|  |TAMS 0x0000000083b00000| PB 0x0000000083b00000| Untracked 
|  60|0x0000000083c00000, 0x0000000083c00000, 0x0000000083d00000|  0%| F|  |TAMS 0x0000000083c00000| PB 0x0000000083c00000| Untracked 
|  61|0x0000000083d00000, 0x0000000083d00000, 0x0000000083e00000|  0%| F|  |TAMS 0x0000000083d00000| PB 0x0000000083d00000| Untracked 
|  62|0x0000000083e00000, 0x0000000083e00000, 0x0000000083f00000|  0%| F|  |TAMS 0x0000000083e00000| PB 0x0000000083e00000| Untracked 
|  63|0x0000000083f00000, 0x0000000083f00000, 0x0000000084000000|  0%| F|  |TAMS 0x0000000083f00000| PB 0x0000000083f00000| Untracked 
|  64|0x0000000084000000, 0x0000000084000000, 0x0000000084100000|  0%| F|  |TAMS 0x0000000084000000| PB 0x0000000084000000| Untracked 
|  65|0x0000000084100000, 0x0000000084100000, 0x0000000084200000|  0%| F|  |TAMS 0x0000000084100000| PB 0x0000000084100000| Untracked 
|  66|0x0000000084200000, 0x0000000084200000, 0x0000000084300000|  0%| F|  |TAMS 0x0000000084200000| PB 0x0000000084200000| Untracked 
|  67|0x0000000084300000, 0x0000000084300000, 0x0000000084400000|  0%| F|  |TAMS 0x0000000084300000| PB 0x0000000084300000| Untracked 
|  68|0x0000000084400000, 0x0000000084400000, 0x0000000084500000|  0%| F|  |TAMS 0x0000000084400000| PB 0x0000000084400000| Untracked 
|  69|0x0000000084500000, 0x0000000084500000, 0x0000000084600000|  0%| F|  |TAMS 0x0000000084500000| PB 0x0000000084500000| Untracked 
|  70|0x0000000084600000, 0x0000000084600000, 0x0000000084700000|  0%| F|  |TAMS 0x0000000084600000| PB 0x0000000084600000| Untracked 
|  71|0x0000000084700000, 0x0000000084700000, 0x0000000084800000|  0%| F|  |TAMS 0x0000000084700000| PB 0x0000000084700000| Untracked 
|  72|0x0000000084800000, 0x0000000084800000, 0x0000000084900000|  0%| F|  |TAMS 0x0000000084800000| PB 0x0000000084800000| Untracked 
|  73|0x0000000084900000, 0x0000000084900000, 0x0000000084a00000|  0%| F|  |TAMS 0x0000000084900000| PB 0x0000000084900000| Untracked 
|  74|0x0000000084a00000, 0x0000000084a00000, 0x0000000084b00000|  0%| F|  |TAMS 0x0000000084a00000| PB 0x0000000084a00000| Untracked 
|  75|0x0000000084b00000, 0x0000000084b00000, 0x0000000084c00000|  0%| F|  |TAMS 0x0000000084b00000| PB 0x0000000084b00000| Untracked 
|  76|0x0000000084c00000, 0x0000000084c00000, 0x0000000084d00000|  0%| F|  |TAMS 0x0000000084c00000| PB 0x0000000084c00000| Untracked 
|  77|0x0000000084d00000, 0x0000000084d00000, 0x0000000084e00000|  0%| F|  |TAMS 0x0000000084d00000| PB 0x0000000084d00000| Untracked 
|  78|0x0000000084e00000, 0x0000000084e00000, 0x0000000084f00000|  0%| F|  |TAMS 0x0000000084e00000| PB 0x0000000084e00000| Untracked 
|  79|0x0000000084f00000, 0x0000000084f00000, 0x0000000085000000|  0%| F|  |TAMS 0x0000000084f00000| PB 0x0000000084f00000| Untracked 
|  80|0x0000000085000000, 0x0000000085000000, 0x0000000085100000|  0%| F|  |TAMS 0x0000000085000000| PB 0x0000000085000000| Untracked 
|  81|0x0000000085100000, 0x0000000085100000, 0x0000000085200000|  0%| F|  |TAMS 0x0000000085100000| PB 0x0000000085100000| Untracked 
|  82|0x0000000085200000, 0x0000000085200000, 0x0000000085300000|  0%| F|  |TAMS 0x0000000085200000| PB 0x0000000085200000| Untracked 
|  83|0x0000000085300000, 0x0000000085300000, 0x0000000085400000|  0%| F|  |TAMS 0x0000000085300000| PB 0x0000000085300000| Untracked 
|  84|0x0000000085400000, 0x0000000085400000, 0x0000000085500000|  0%| F|  |TAMS 0x0000000085400000| PB 0x0000000085400000| Untracked 
|  85|0x0000000085500000, 0x0000000085500000, 0x0000000085600000|  0%| F|  |TAMS 0x0000000085500000| PB 0x0000000085500000| Untracked 
|  86|0x0000000085600000, 0x0000000085600000, 0x0000000085700000|  0%| F|  |TAMS 0x0000000085600000| PB 0x0000000085600000| Untracked 
|  87|0x0000000085700000, 0x0000000085700000, 0x0000000085800000|  0%| F|  |TAMS 0x0000000085700000| PB 0x0000000085700000| Untracked 
|  88|0x0000000085800000, 0x0000000085800000, 0x0000000085900000|  0%| F|  |TAMS 0x0000000085800000| PB 0x0000000085800000| Untracked 
|  89|0x0000000085900000, 0x0000000085900000, 0x0000000085a00000|  0%| F|  |TAMS 0x0000000085900000| PB 0x0000000085900000| Untracked 
|  90|0x0000000085a00000, 0x0000000085a00000, 0x0000000085b00000|  0%| F|  |TAMS 0x0000000085a00000| PB 0x0000000085a00000| Untracked 
|  91|0x0000000085b00000, 0x0000000085b00000, 0x0000000085c00000|  0%| F|  |TAMS 0x0000000085b00000| PB 0x0000000085b00000| Untracked 
|  92|0x0000000085c00000, 0x0000000085c00000, 0x0000000085d00000|  0%| F|  |TAMS 0x0000000085c00000| PB 0x0000000085c00000| Untracked 
|  93|0x0000000085d00000, 0x0000000085d00000, 0x0000000085e00000|  0%| F|  |TAMS 0x0000000085d00000| PB 0x0000000085d00000| Untracked 
|  94|0x0000000085e00000, 0x0000000085e00000, 0x0000000085f00000|  0%| F|  |TAMS 0x0000000085e00000| PB 0x0000000085e00000| Untracked 
|  95|0x0000000085f00000, 0x0000000085f00000, 0x0000000086000000|  0%| F|  |TAMS 0x0000000085f00000| PB 0x0000000085f00000| Untracked 
|  96|0x0000000086000000, 0x0000000086000000, 0x0000000086100000|  0%| F|  |TAMS 0x0000000086000000| PB 0x0000000086000000| Untracked 
|  97|0x0000000086100000, 0x0000000086100000, 0x0000000086200000|  0%| F|  |TAMS 0x0000000086100000| PB 0x0000000086100000| Untracked 
|  98|0x0000000086200000, 0x0000000086200000, 0x0000000086300000|  0%| F|  |TAMS 0x0000000086200000| PB 0x0000000086200000| Untracked 
|  99|0x0000000086300000, 0x0000000086300000, 0x0000000086400000|  0%| F|  |TAMS 0x0000000086300000| PB 0x0000000086300000| Untracked 
| 100|0x0000000086400000, 0x0000000086400000, 0x0000000086500000|  0%| F|  |TAMS 0x0000000086400000| PB 0x0000000086400000| Untracked 
| 101|0x0000000086500000, 0x0000000086500000, 0x0000000086600000|  0%| F|  |TAMS 0x0000000086500000| PB 0x0000000086500000| Untracked 
| 102|0x0000000086600000, 0x0000000086600000, 0x0000000086700000|  0%| F|  |TAMS 0x0000000086600000| PB 0x0000000086600000| Untracked 
| 103|0x0000000086700000, 0x0000000086700000, 0x0000000086800000|  0%| F|  |TAMS 0x0000000086700000| PB 0x0000000086700000| Untracked 
| 104|0x0000000086800000, 0x0000000086800000, 0x0000000086900000|  0%| F|  |TAMS 0x0000000086800000| PB 0x0000000086800000| Untracked 
| 105|0x0000000086900000, 0x0000000086900000, 0x0000000086a00000|  0%| F|  |TAMS 0x0000000086900000| PB 0x0000000086900000| Untracked 
| 106|0x0000000086a00000, 0x0000000086a00000, 0x0000000086b00000|  0%| F|  |TAMS 0x0000000086a00000| PB 0x0000000086a00000| Untracked 
| 107|0x0000000086b00000, 0x0000000086b00000, 0x0000000086c00000|  0%| F|  |TAMS 0x0000000086b00000| PB 0x0000000086b00000| Untracked 
| 108|0x0000000086c00000, 0x0000000086c00000, 0x0000000086d00000|  0%| F|  |TAMS 0x0000000086c00000| PB 0x0000000086c00000| Untracked 
| 109|0x0000000086d00000, 0x0000000086d00000, 0x0000000086e00000|  0%| F|  |TAMS 0x0000000086d00000| PB 0x0000000086d00000| Untracked 
| 110|0x0000000086e00000, 0x0000000086e00000, 0x0000000086f00000|  0%| F|  |TAMS 0x0000000086e00000| PB 0x0000000086e00000| Untracked 
| 111|0x0000000086f00000, 0x0000000086f00000, 0x0000000087000000|  0%| F|  |TAMS 0x0000000086f00000| PB 0x0000000086f00000| Untracked 
| 112|0x0000000087000000, 0x0000000087000000, 0x0000000087100000|  0%| F|  |TAMS 0x0000000087000000| PB 0x0000000087000000| Untracked 
| 113|0x0000000087100000, 0x0000000087100000, 0x0000000087200000|  0%| F|  |TAMS 0x0000000087100000| PB 0x0000000087100000| Untracked 
| 114|0x0000000087200000, 0x0000000087200000, 0x0000000087300000|  0%| F|  |TAMS 0x0000000087200000| PB 0x0000000087200000| Untracked 
| 115|0x0000000087300000, 0x0000000087300000, 0x0000000087400000|  0%| F|  |TAMS 0x0000000087300000| PB 0x0000000087300000| Untracked 
| 116|0x0000000087400000, 0x0000000087400000, 0x0000000087500000|  0%| F|  |TAMS 0x0000000087400000| PB 0x0000000087400000| Untracked 
| 117|0x0000000087500000, 0x0000000087500000, 0x0000000087600000|  0%| F|  |TAMS 0x0000000087500000| PB 0x0000000087500000| Untracked 
| 118|0x0000000087600000, 0x0000000087600000, 0x0000000087700000|  0%| F|  |TAMS 0x0000000087600000| PB 0x0000000087600000| Untracked 
| 119|0x0000000087700000, 0x0000000087700000, 0x0000000087800000|  0%| F|  |TAMS 0x0000000087700000| PB 0x0000000087700000| Untracked 
| 120|0x0000000087800000, 0x0000000087800000, 0x0000000087900000|  0%| F|  |TAMS 0x0000000087800000| PB 0x0000000087800000| Untracked 
| 121|0x0000000087900000, 0x0000000087a00000, 0x0000000087a00000|100%| S|CS|TAMS 0x0000000087900000| PB 0x0000000087900000| Complete 
| 122|0x0000000087a00000, 0x0000000087a00000, 0x0000000087b00000|  0%| F|  |TAMS 0x0000000087a00000| PB 0x0000000087a00000| Untracked 
| 123|0x0000000087b00000, 0x0000000087b00000, 0x0000000087c00000|  0%| F|  |TAMS 0x0000000087b00000| PB 0x0000000087b00000| Untracked 
| 124|0x0000000087c00000, 0x0000000087c00000, 0x0000000087d00000|  0%| F|  |TAMS 0x0000000087c00000| PB 0x0000000087c00000| Untracked 
| 125|0x0000000087d00000, 0x0000000087d00000, 0x0000000087e00000|  0%| F|  |TAMS 0x0000000087d00000| PB 0x0000000087d00000| Untracked 
| 126|0x0000000087e00000, 0x0000000087e00000, 0x0000000087f00000|  0%| F|  |TAMS 0x0000000087e00000| PB 0x0000000087e00000| Untracked 
| 127|0x0000000087f00000, 0x0000000088000000, 0x0000000088000000|100%| E|  |TAMS 0x0000000087f00000| PB 0x0000000087f00000| Complete 

Card table byte_map: [0x000001e5cda10000,0x000001e5cde10000] _byte_map_base: 0x000001e5cd610000

Marking Bits: (CMBitMap*) 0x000001e5ba61ee50
 Bits: [0x000001e5cde10000, 0x000001e5cfe10000)

Polling page: 0x000001e5b8360000

Metaspace:

Usage:
  Non-class:     12.26 MB used.
      Class:      1.28 MB used.
       Both:     13.54 MB used.

Virtual space:
  Non-class space:       64.00 MB reserved,      12.38 MB ( 19%) committed,  1 nodes.
      Class space:        1.00 GB reserved,       1.38 MB ( <1%) committed,  1 nodes.
             Both:        1.06 GB reserved,      13.75 MB (  1%) committed. 

Chunk freelists:
   Non-Class:  2.92 MB
       Class:  14.64 MB
        Both:  17.56 MB

MaxMetaspaceSize: unlimited
CompressedClassSpaceSize: 1.00 GB
Initial GC threshold: 21.00 MB
Current GC threshold: 21.00 MB
CDS: off
 - commit_granule_bytes: 65536.
 - commit_granule_words: 8192.
 - virtual_space_node_default_size: 8388608.
 - enlarge_chunks_in_place: 1.
 - use_allocation_guard: 0.


Internal statistics:

num_allocs_failed_limit: 0.
num_arena_births: 88.
num_arena_deaths: 0.
num_vsnodes_births: 2.
num_vsnodes_deaths: 0.
num_space_committed: 220.
num_space_uncommitted: 0.
num_chunks_returned_to_freelist: 0.
num_chunks_taken_from_freelist: 176.
num_chunk_merges: 0.
num_chunk_splits: 91.
num_chunks_enlarged: 40.
num_inconsistent_stats: 0.

CodeHeap 'non-profiled nmethods': size=120064Kb used=228Kb max_used=228Kb free=119835Kb
 bounds [0x000001e5c60d0000, 0x000001e5c6340000, 0x000001e5cd610000]
CodeHeap 'profiled nmethods': size=120000Kb used=1047Kb max_used=1047Kb free=118952Kb
 bounds [0x000001e5be610000, 0x000001e5be880000, 0x000001e5c5b40000]
CodeHeap 'non-nmethods': size=5696Kb used=1379Kb max_used=1379Kb free=4316Kb
 bounds [0x000001e5c5b40000, 0x000001e5c5db0000, 0x000001e5c60d0000]
CodeCache: size=245760Kb, used=2654Kb, max_used=2654Kb, free=243103Kb
 total_blobs=1223, nmethods=744, adapters=384, full_count=0
Compilation: enabled, stopped_count=0, restarted_count=0

Compilation events (20 events):
Event: 0.755 Thread 0x000001e5d20daab0  705       3       java.nio.HeapByteBuffer::byteOffset (7 bytes)
Event: 0.755 Thread 0x000001e5d20daab0 nmethod 705 0x000001e5be704110 code [0x000001e5be7042a0, 0x000001e5be7043b0]
Event: 0.755 Thread 0x000001e5d20daab0  704       3       java.nio.HeapByteBuffer::getInt (29 bytes)
Event: 0.755 Thread 0x000001e5d20daab0 nmethod 704 0x000001e5be704410 code [0x000001e5be704680, 0x000001e5be705048]
Event: 0.756 Thread 0x000001e5d20daab0  707       3       java.util.Arrays::copyOf (10 bytes)
Event: 0.756 Thread 0x000001e5d20daab0 nmethod 707 0x000001e5be705490 code [0x000001e5be705640, 0x000001e5be705780]
Event: 0.756 Thread 0x000001e5d20daab0  706       3       sun.security.util.SecurityProviderConstants::getAliases (63 bytes)
Event: 0.756 Thread 0x000001e5d20daab0 nmethod 706 0x000001e5be705890 code [0x000001e5be705b00, 0x000001e5be706370]
Event: 0.756 Thread 0x000001e5d20daab0  708       3       java.security.Provider$UString::hashCode (8 bytes)
Event: 0.756 Thread 0x000001e5d20daab0 nmethod 708 0x000001e5be706690 code [0x000001e5be706840, 0x000001e5be706980]
Event: 0.757 Thread 0x000001e5d20daab0  709       3       java.lang.ThreadLocal::get (8 bytes)
Event: 0.757 Thread 0x000001e5d20daab0 nmethod 709 0x000001e5be706a90 code [0x000001e5be706c40, 0x000001e5be706d98]
Event: 0.759 Thread 0x000001e5d20daab0  710       3       java.lang.StringBuilder::append (9 bytes)
Event: 0.759 Thread 0x000001e5d20daab0 nmethod 710 0x000001e5be706e90 code [0x000001e5be707060, 0x000001e5be707390]
Event: 0.761 Thread 0x000001e5d20b83e0  711       4       java.lang.StringLatin1::newString (24 bytes)
Event: 0.761 Thread 0x000001e5d20daab0  714       1       java.lang.invoke.MethodHandleImpl::isCompileConstant (2 bytes)
Event: 0.762 Thread 0x000001e5d20daab0 nmethod 714 0x000001e5c6108590 code [0x000001e5c6108720, 0x000001e5c61087c8]
Event: 0.762 Thread 0x000001e5d20daab0  715       3       jdk.internal.org.objectweb.asm.MethodVisitor::<init> (78 bytes)
Event: 0.762 Thread 0x000001e5d20daab0 nmethod 715 0x000001e5be707510 code [0x000001e5be707760, 0x000001e5be707f00]
Event: 0.763 Thread 0x000001e5d20daab0  719       3       jdk.internal.org.objectweb.asm.SymbolTable::addConstantNameAndType (137 bytes)

GC Heap History (2 events):
Event: 0.715 GC heap before
{Heap before GC invocations=0 (full 0):
 garbage-first heap   total 131072K, used 6144K [0x0000000080000000, 0x0000000100000000)
  region size 1024K, 6 young (6144K), 0 survivors (0K)
 Metaspace       used 12558K, committed 12800K, reserved 1114112K
  class space    used 1163K, committed 1280K, reserved 1048576K
}
Event: 0.721 GC heap after
{Heap after GC invocations=1 (full 0):
 garbage-first heap   total 131072K, used 1860K [0x0000000080000000, 0x0000000100000000)
  region size 1024K, 1 young (1024K), 1 survivors (1024K)
 Metaspace       used 12558K, committed 12800K, reserved 1114112K
  class space    used 1163K, committed 1280K, reserved 1048576K
}

Dll operation events (2 events):
Event: 0.015 Loaded shared library C:\Program Files\JetBrains\IntelliJ IDEA 2025.2.4\jbr\bin\java.dll
Event: 0.054 Loaded shared library C:\Program Files\JetBrains\IntelliJ IDEA 2025.2.4\jbr\bin\zip.dll

Deoptimization events (6 events):
Event: 0.480 Thread 0x000001e5b81003f0 Uncommon trap: trap_request=0xffffff45 fr.pc=0x000001e5c60e419c relative=0x000000000000007c
Event: 0.480 Thread 0x000001e5b81003f0 Uncommon trap: reason=unstable_if action=reinterpret pc=0x000001e5c60e419c method=java.lang.CharacterDataLatin1.toLowerCase(I)I @ 16 c2
Event: 0.480 Thread 0x000001e5b81003f0 DEOPT PACKING pc=0x000001e5c60e419c sp=0x000000456c4fb220
Event: 0.480 Thread 0x000001e5b81003f0 DEOPT UNPACKING pc=0x000001e5c5b946a2 sp=0x000000456c4fb1b0 mode 2
Event: 0.722 Thread 0x000001e5b81003f0 DEOPT PACKING pc=0x000001e5be62b94c sp=0x000000456c4fe180
Event: 0.722 Thread 0x000001e5b81003f0 DEOPT UNPACKING pc=0x000001e5c5b94e42 sp=0x000000456c4fd5a0 mode 0

Classes loaded (20 events):
Event: 0.743 Loading class javax/crypto/KeyGeneratorSpi done
Event: 0.743 Loading class com/sun/crypto/provider/TlsMasterSecretGenerator done
Event: 0.743 Loading class sun/security/ssl/ClientAuthType
Event: 0.743 Loading class sun/security/ssl/ClientAuthType done
Event: 0.743 Loading class sun/security/ssl/SSLConfiguration$CustomizedClientSignatureSchemes
Event: 0.743 Loading class sun/security/ssl/SSLConfiguration$CustomizedClientSignatureSchemes done
Event: 0.744 Loading class sun/security/ssl/NamedGroup$SupportedGroups
Event: 0.744 Loading class sun/security/ssl/NamedGroup$SupportedGroups done
Event: 0.759 Loading class sun/security/provider/certpath/ldap/JdkLDAP
Event: 0.759 Loading class sun/security/provider/certpath/ldap/JdkLDAP done
Event: 0.760 Loading class sun/security/provider/certpath/ldap/JdkLDAP$ProviderService
Event: 0.760 Loading class sun/security/provider/certpath/ldap/JdkLDAP$ProviderService done
Event: 0.760 Loading class com/sun/security/sasl/Provider
Event: 0.760 Loading class com/sun/security/sasl/Provider done
Event: 0.760 Loading class com/sun/security/sasl/Provider$1
Event: 0.760 Loading class com/sun/security/sasl/Provider$1 done
Event: 0.760 Loading class com/sun/security/sasl/Provider$ProviderService
Event: 0.760 Loading class com/sun/security/sasl/Provider$ProviderService done
Event: 0.760 Loading class sun/security/ssl/PredefinedDHParameterSpecs
Event: 0.761 Loading class sun/security/ssl/PredefinedDHParameterSpecs done

Classes unloaded (0 events):
No events

Classes redefined (0 events):
No events

Internal exceptions (11 events):
Event: 0.479 Thread 0x000001e5b81003f0 Exception <a 'sun/nio/fs/WindowsException'{0x0000000087dd75d8}> (0x0000000087dd75d8) 
thrown [s\src\hotspot\share\prims\jni.cpp, line 537]
Event: 0.598 Thread 0x000001e5b81003f0 Exception <a 'java/lang/NoSuchMethodError'{0x0000000087ce1a98}: 'java.lang.Object java.lang.invoke.DirectMethodHandle$Holder.invokeStaticInit(java.lang.Object, java.lang.Object, int, int, int, int)'> (0x0000000087ce1a98) 
thrown [s\src\hotspot\share\interpreter\linkResolver.cpp, line 784]
Event: 0.628 Thread 0x000001e5b81003f0 Exception <a 'java/lang/NoSuchMethodError'{0x0000000087ba48c0}: 'java.lang.Object java.lang.invoke.DirectMethodHandle$Holder.invokeStaticInit(java.lang.Object, java.lang.Object, int)'> (0x0000000087ba48c0) 
thrown [s\src\hotspot\share\interpreter\linkResolver.cpp, line 784]
Event: 0.629 Thread 0x000001e5b81003f0 Exception <a 'java/lang/NoSuchMethodError'{0x0000000087baa7c8}: 'java.lang.Object java.lang.invoke.DirectMethodHandle$Holder.newInvokeSpecial(java.lang.Object, java.lang.Object, int)'> (0x0000000087baa7c8) 
thrown [s\src\hotspot\share\interpreter\linkResolver.cpp, line 784]
Event: 0.633 Thread 0x000001e5b81003f0 Exception <a 'java/lang/NoSuchMethodError'{0x0000000087bc05d0}: 'int java.lang.invoke.DirectMethodHandle$Holder.invokeSpecialIFC(java.lang.Object, java.lang.Object, java.lang.Object)'> (0x0000000087bc05d0) 
thrown [s\src\hotspot\share\interpreter\linkResolver.cpp, line 784]
Event: 0.657 Thread 0x000001e5b81003f0 Exception <a 'java/lang/NoSuchMethodError'{0x0000000087bfa600}: 'java.lang.Object java.lang.invoke.Invokers$Holder.invoke_MT(java.lang.Object, java.lang.Object, java.lang.Object, java.lang.Object, java.lang.Object, java.lang.Object, java.lang.Object, java.lang.Object, java.lang.Object, java.lang.Object)'> (0x0000000087bfa600) 
thrown [s\src\hotspot\share\interpreter\linkResolver.cpp, line 784]
Event: 0.679 Thread 0x000001e5b81003f0 Exception <a 'java/lang/NoSuchMethodError'{0x0000000087a3b6b0}: 'int java.lang.invoke.DirectMethodHandle$Holder.invokeSpecial(java.lang.Object, java.lang.Object, java.lang.Object, java.lang.Object)'> (0x0000000087a3b6b0) 
thrown [s\src\hotspot\share\interpreter\linkResolver.cpp, line 784]
Event: 0.684 Thread 0x000001e5b81003f0 Exception <a 'java/lang/NoSuchMethodError'{0x0000000087a541b8}: 'java.lang.Object java.lang.invoke.DelegatingMethodHandle$Holder.delegate(java.lang.Object, int, java.lang.Object, java.lang.Object)'> (0x0000000087a541b8) 
thrown [s\src\hotspot\share\interpreter\linkResolver.cpp, line 784]
Event: 0.687 Thread 0x000001e5b81003f0 Exception <a 'java/lang/NoSuchMethodError'{0x0000000087a63bc0}: 'int java.lang.invoke.Invokers$Holder.linkToTargetMethod(java.lang.Object, java.lang.Object, java.lang.Object)'> (0x0000000087a63bc0) 
thrown [s\src\hotspot\share\interpreter\linkResolver.cpp, line 784]
Event: 0.693 Thread 0x000001e5b81003f0 Exception <a 'java/lang/NoSuchMethodError'{0x0000000087a95e78}: 'long java.lang.invoke.DirectMethodHandle$Holder.invokeSpecial(java.lang.Object, java.lang.Object)'> (0x0000000087a95e78) 
thrown [s\src\hotspot\share\interpreter\linkResolver.cpp, line 784]
Event: 0.694 Thread 0x000001e5b81003f0 Exception <a 'java/lang/NoSuchMethodError'{0x0000000087a9cbc8}: 'java.lang.Object java.lang.invoke.Invokers$Holder.invokeExact_MT(java.lang.Object, java.lang.Object, java.lang.Object, java.lang.Object, java.lang.Object, java.lang.Object)'> (0x0000000087a9cbc8) 
thrown [s\src\hotspot\share\interpreter\linkResolver.cpp, line 784]

ZGC Phase Switch (0 events):
No events

VM Operations (8 events):
Event: 0.248 Executing VM operation: HandshakeAllThreads (Deoptimize)
Event: 0.248 Executing VM operation: HandshakeAllThreads (Deoptimize) done
Event: 0.268 Executing VM operation: HandshakeAllThreads (Deoptimize)
Event: 0.268 Executing VM operation: HandshakeAllThreads (Deoptimize) done
Event: 0.578 Executing VM operation: HandshakeAllThreads (Deoptimize)
Event: 0.578 Executing VM operation: HandshakeAllThreads (Deoptimize) done
Event: 0.715 Executing VM operation: G1CollectForAllocation (G1 Evacuation Pause)
Event: 0.721 Executing VM operation: G1CollectForAllocation (G1 Evacuation Pause) done

Memory protections (0 events):
No events

Nmethod flushes (0 events):
No events

Events (16 events):
Event: 0.052 Thread 0x000001e5b81003f0 Thread added: 0x000001e5b81003f0
Event: 0.124 Thread 0x000001e5b81003f0 Thread added: 0x000001e5d2077be0
Event: 0.132 Thread 0x000001e5b81003f0 Thread added: 0x000001e5d20a9f00
Event: 0.132 Thread 0x000001e5b81003f0 Thread added: 0x000001e5d20b4fd0
Event: 0.134 Thread 0x000001e5b81003f0 Thread added: 0x000001e5d20d2150
Event: 0.134 Thread 0x000001e5b81003f0 Thread added: 0x000001e5d20c7000
Event: 0.134 Thread 0x000001e5b81003f0 Thread added: 0x000001e5d20c7a60
Event: 0.134 Thread 0x000001e5b81003f0 Thread added: 0x000001e5d20b5640
Event: 0.134 Thread 0x000001e5b81003f0 Thread added: 0x000001e5d20b83e0
Event: 0.134 Thread 0x000001e5b81003f0 Thread added: 0x000001e5d20daab0
Event: 0.203 Thread 0x000001e5b81003f0 Thread added: 0x000001e5d228ebb0
Event: 0.226 Loaded shared library C:\Program Files\JetBrains\IntelliJ IDEA 2025.2.4\jbr\bin\net.dll
Event: 0.229 Loaded shared library C:\Program Files\JetBrains\IntelliJ IDEA 2025.2.4\jbr\bin\nio.dll
Event: 0.241 Loaded shared library C:\Program Files\JetBrains\IntelliJ IDEA 2025.2.4\jbr\bin\zip.dll
Event: 0.373 Loaded shared library C:\Program Files\JetBrains\IntelliJ IDEA 2025.2.4\jbr\bin\jimage.dll
Event: 0.753 Loaded shared library C:\Program Files\JetBrains\IntelliJ IDEA 2025.2.4\jbr\bin\sunmscapi.dll


Dynamic libraries:
0x00007ff63f5a0000 - 0x00007ff63f5aa000 	C:\Program Files\JetBrains\IntelliJ IDEA 2025.2.4\jbr\bin\java.exe
0x00007ffaf94e0000 - 0x00007ffaf9748000 	C:\Windows\SYSTEM32\ntdll.dll
0x00007ffaf8b30000 - 0x00007ffaf8bf9000 	C:\Windows\System32\KERNEL32.DLL
0x00007ffaf6b20000 - 0x00007ffaf6f18000 	C:\Windows\System32\KERNELBASE.dll
0x00007ffaf6850000 - 0x00007ffaf699b000 	C:\Windows\System32\ucrtbase.dll
0x00007ffaecba0000 - 0x00007ffaecbbb000 	C:\Program Files\JetBrains\IntelliJ IDEA 2025.2.4\jbr\bin\VCRUNTIME140.dll
0x00007ffad0fe0000 - 0x00007ffad0ff8000 	C:\Program Files\JetBrains\IntelliJ IDEA 2025.2.4\jbr\bin\jli.dll
0x00007ffaf8e00000 - 0x00007ffaf8fc7000 	C:\Windows\System32\USER32.dll
0x00007ffaf7110000 - 0x00007ffaf7137000 	C:\Windows\System32\win32u.dll
0x00007ffaf7fb0000 - 0x00007ffaf7fdb000 	C:\Windows\System32\GDI32.dll
0x00007ffaf6f20000 - 0x00007ffaf704c000 	C:\Windows\System32\gdi32full.dll
0x00007ffaf7140000 - 0x00007ffaf71e3000 	C:\Windows\System32\msvcp_win.dll
0x00007ffad58b0000 - 0x00007ffad5b44000 	C:\Windows\WinSxS\amd64_microsoft.windows.common-controls_6595b64144ccf1df_6.0.26100.7019_none_3e06ffa0e335b8a8\COMCTL32.dll
0x00007ffaf7a50000 - 0x00007ffaf7af9000 	C:\Windows\System32\msvcrt.dll
0x00007ffaf7500000 - 0x00007ffaf7531000 	C:\Windows\System32\IMM32.DLL
0x00007ffaf16a0000 - 0x00007ffaf16ac000 	C:\Program Files\JetBrains\IntelliJ IDEA 2025.2.4\jbr\bin\vcruntime140_1.dll
0x00007ffaad8c0000 - 0x00007ffaad94d000 	C:\Program Files\JetBrains\IntelliJ IDEA 2025.2.4\jbr\bin\msvcp140.dll
0x00007ffaaf050000 - 0x00007ffaafe1b000 	C:\Program Files\JetBrains\IntelliJ IDEA 2025.2.4\jbr\bin\server\jvm.dll
0x00007ffaf8750000 - 0x00007ffaf8804000 	C:\Windows\System32\ADVAPI32.dll
0x00007ffaf89a0000 - 0x00007ffaf8a46000 	C:\Windows\System32\sechost.dll
0x00007ffaf8c00000 - 0x00007ffaf8d18000 	C:\Windows\System32\RPCRT4.dll
0x00007ffaf8d80000 - 0x00007ffaf8df4000 	C:\Windows\System32\WS2_32.dll
0x00007ffaf64b0000 - 0x00007ffaf650e000 	C:\Windows\SYSTEM32\POWRPROF.dll
0x00007ffaca210000 - 0x00007ffaca245000 	C:\Windows\SYSTEM32\WINMM.dll
0x00007ffaef060000 - 0x00007ffaef06b000 	C:\Windows\SYSTEM32\VERSION.dll
0x00007ffaf6490000 - 0x00007ffaf64a4000 	C:\Windows\SYSTEM32\UMPDC.dll
0x00007ffaf53f0000 - 0x00007ffaf540b000 	C:\Windows\SYSTEM32\kernel.appcore.dll
0x00007ffaf1620000 - 0x00007ffaf162a000 	C:\Program Files\JetBrains\IntelliJ IDEA 2025.2.4\jbr\bin\jimage.dll
0x00007ffad8020000 - 0x00007ffad8262000 	C:\Windows\SYSTEM32\DBGHELP.DLL
0x00007ffaf76c0000 - 0x00007ffaf7a4b000 	C:\Windows\System32\combase.dll
0x00007ffaf8a50000 - 0x00007ffaf8b27000 	C:\Windows\System32\OLEAUT32.dll
0x00007ffae9470000 - 0x00007ffae94ac000 	C:\Windows\SYSTEM32\dbgcore.DLL
0x00007ffaf67a0000 - 0x00007ffaf6845000 	C:\Windows\System32\bcryptPrimitives.dll
0x00007ffae8800000 - 0x00007ffae8820000 	C:\Program Files\JetBrains\IntelliJ IDEA 2025.2.4\jbr\bin\java.dll
0x00007ffae6c70000 - 0x00007ffae6c88000 	C:\Program Files\JetBrains\IntelliJ IDEA 2025.2.4\jbr\bin\zip.dll
0x00007ffaf7ff0000 - 0x00007ffaf873f000 	C:\Windows\System32\SHELL32.dll
0x00007ffaf6630000 - 0x00007ffaf679b000 	C:\Windows\System32\wintypes.dll
0x00007ffaf4290000 - 0x00007ffaf4aed000 	C:\Windows\SYSTEM32\windows.storage.dll
0x00007ffaf75c0000 - 0x00007ffaf76b2000 	C:\Windows\System32\SHCORE.dll
0x00007ffaf8870000 - 0x00007ffaf88d7000 	C:\Windows\System32\shlwapi.dll
0x00007ffaf6550000 - 0x00007ffaf6579000 	C:\Windows\SYSTEM32\profapi.dll
0x00007ffaf15f0000 - 0x00007ffaf1600000 	C:\Program Files\JetBrains\IntelliJ IDEA 2025.2.4\jbr\bin\net.dll
0x00007ffaeee90000 - 0x00007ffaeefb8000 	C:\Windows\SYSTEM32\WINHTTP.dll
0x00007ffaf5960000 - 0x00007ffaf59cb000 	C:\Windows\system32\mswsock.dll
0x00007ffadbe50000 - 0x00007ffadbe66000 	C:\Program Files\JetBrains\IntelliJ IDEA 2025.2.4\jbr\bin\nio.dll
0x00007ffaf5c30000 - 0x00007ffaf5c4b000 	C:\Windows\SYSTEM32\CRYPTSP.dll
0x00007ffaf5350000 - 0x00007ffaf538a000 	C:\Windows\system32\rsaenh.dll
0x00007ffaf5a10000 - 0x00007ffaf5a3b000 	C:\Windows\SYSTEM32\USERENV.dll
0x00007ffaf6520000 - 0x00007ffaf654a000 	C:\Windows\SYSTEM32\bcrypt.dll
0x00007ffaf5c20000 - 0x00007ffaf5c2c000 	C:\Windows\SYSTEM32\CRYPTBASE.dll
0x00007ffaf4e00000 - 0x00007ffaf4e34000 	C:\Windows\SYSTEM32\IPHLPAPI.DLL
0x00007ffaf7fa0000 - 0x00007ffaf7faa000 	C:\Windows\System32\NSI.dll
0x00007ffadc060000 - 0x00007ffadc06e000 	C:\Program Files\JetBrains\IntelliJ IDEA 2025.2.4\jbr\bin\sunmscapi.dll
0x00007ffaf69a0000 - 0x00007ffaf6b17000 	C:\Windows\System32\CRYPT32.dll
0x00007ffaf5e40000 - 0x00007ffaf5e70000 	C:\Windows\SYSTEM32\ncrypt.dll
0x00007ffaf5df0000 - 0x00007ffaf5e2f000 	C:\Windows\SYSTEM32\NTASN1.dll

JVMTI agents: none

dbghelp: loaded successfully - version: 4.0.5 - missing functions: none
symbol engine: initialized successfully - sym options: 0x614 - pdb path: .;C:\Program Files\JetBrains\IntelliJ IDEA 2025.2.4\jbr\bin;C:\Windows\SYSTEM32;C:\Windows\WinSxS\amd64_microsoft.windows.common-controls_6595b64144ccf1df_6.0.26100.7019_none_3e06ffa0e335b8a8;C:\Program Files\JetBrains\IntelliJ IDEA 2025.2.4\jbr\bin\server

VM Arguments:
java_command: git4idea.http.GitAskPassApp Username for 'https://github.com': 
java_class_path (initial): C:/Program Files/JetBrains/IntelliJ IDEA 2025.2.4/plugins/vcs-git/lib/git4idea-rt.jar;C:/Program Files/JetBrains/IntelliJ IDEA 2025.2.4/lib/externalProcess-rt.jar
Launcher Type: SUN_STANDARD

[Global flags]
     intx CICompilerCount                          = 2                                         {product} {ergonomic}
     uint ConcGCThreads                            = 1                                         {product} {ergonomic}
     uint G1ConcRefinementThreads                  = 2                                         {product} {ergonomic}
   size_t G1HeapRegionSize                         = 1048576                                   {product} {ergonomic}
    uintx GCDrainStackTargetSize                   = 64                                        {product} {ergonomic}
   size_t InitialHeapSize                          = 134217728                                 {product} {ergonomic}
   size_t MarkStackSize                            = 4194304                                   {product} {ergonomic}
   size_t MaxHeapSize                              = 2147483648                                {product} {ergonomic}
   size_t MaxNewSize                               = 1287651328                                {product} {ergonomic}
   size_t MinHeapDeltaBytes                        = 1048576                                   {product} {ergonomic}
   size_t MinHeapSize                              = 8388608                                   {product} {ergonomic}
    uintx NonNMethodCodeHeapSize                   = 5826188                                {pd product} {ergonomic}
    uintx NonProfiledCodeHeapSize                  = 122916026                              {pd product} {ergonomic}
    uintx ProfiledCodeHeapSize                     = 122916026                              {pd product} {ergonomic}
    uintx ReservedCodeCacheSize                    = 251658240                              {pd product} {ergonomic}
     bool SegmentedCodeCache                       = true                                      {product} {ergonomic}
   size_t SoftMaxHeapSize                          = 2147483648                             {manageable} {ergonomic}
     bool UseCompressedOops                        = true                           {product lp64_product} {ergonomic}
     bool UseG1GC                                  = true                                      {product} {ergonomic}
     bool UseLargePagesIndividualAllocation        = false                                  {pd product} {ergonomic}

Logging:
Log output configuration:
 #0: stdout all=warning uptime,level,tags foldmultilines=false
 #1: stderr all=off uptime,level,tags foldmultilines=false

Environment Variables:
PATH=C:/Program Files/Git/mingw64/libexec/git-core;C:/Program Files/Git/mingw64/libexec/git-core;C:\Program Files\Git\mingw64\bin;C:\Program Files\Git\usr\bin;C:\Users\evogenfive4\bin;C:\Program Files\Common Files\Oracle\Java\javapath;C:\Windows\system32;C:\Windows;C:\Windows\System32\Wbem;C:\Windows\System32\WindowsPowerShell\v1.0\;C:\Windows\System32\OpenSSH\;C:\Program Files\nodejs\;C:\Program Files\cursor\resources\app\bin;C:\Program Files\PuTTY\;C:\Program Files\Git\cmd;C:\Users\evogenfive4\AppData\Local\Microsoft\WindowsApps;C:\Users\evogenfive4\AppData\Local\Programs\Microsoft VS Code\bin
USERNAME=evogenfive4
DISPLAY=:0.0
LC_ALL=en_US.UTF-8
TERM=xterm-256color
TMPDIR=C:\Users\EVOGEN~1\AppData\Local\Temp
OS=Windows_NT
PROCESSOR_IDENTIFIER=Intel64 Family 6 Model 85 Stepping 4, GenuineIntel
TMP=C:\Users\EVOGEN~1\AppData\Local\Temp
TEMP=C:\Users\EVOGEN~1\AppData\Local\Temp




Periodic native trim disabled

JNI global refs:
JNI global refs: 16, weak refs: 0

JNI global refs memory usage: 835, weak refs: 201

Process memory usage:
Resident Set Size: 63340K (0% of 8387460K total physical memory with 1118208K free physical memory)

OOME stack traces (most recent first):
Classloader memory used:
Loader bootstrap                                                                       : 13262K
Loader jdk.internal.loader.ClassLoaders$PlatformClassLoader                            : 638K
Loader jdk.internal.loader.ClassLoaders$AppClassLoader                                 : 25696B

---------------  S Y S T E M  ---------------

OS:
 Windows 11 , 64 bit Build 26100 (10.0.26100.7019)
OS uptime: 0 days 6:42 hours
Hyper-V virtualization detected

CPU: total 2 (initial active 2) (2 cores per cpu, 1 threads per core) family 6 model 85 stepping 4 microcode 0xffffffff, cx8, cmov, fxsr, mmx, 3dnowpref, sse, sse2, sse3, ssse3, sse4.1, sse4.2, popcnt, lzcnt, tsc, avx, avx2, aes, erms, clmul, bmi1, bmi2, rtm, adx, fma, vzeroupper, clflush, clflushopt, hv, rdtscp, f16c
Processor Information for the first 2 processors :
  Max Mhz: 2095, Current Mhz: 2095, Mhz Limit: 2095

Memory: 4k page, system-wide physical 8190M (1091M free)
TotalPageFile size 10238M (AvailPageFile size 3M)
current process WorkingSet (physical memory assigned to process): 62M, peak: 62M
current process commit charge ("private bytes"): 203M, peak: 207M

vm_info: OpenJDK 64-Bit Server VM (21.0.8+1-b1038.73) for windows-amd64 JRE (21.0.8+1-b1038.73), built on 2025-09-24 by "builduser" with MS VC++ 16.10 / 16.11 (VS2019)

END.
