#
# There is insufficient memory for the Java Runtime Environment to continue.
# Native memory allocation (mmap) failed to map 134217728 bytes. Error detail: G1 virtual space
# Possible reasons:
#   The system is out of physical RAM or swap space
#   This process is running with CompressedOops enabled, and the Java Heap may be blocking the growth of the native heap
# Possible solutions:
#   Reduce memory load on the system
#   Increase physical memory or swap space
#   Check if swap backing store is full
#   Decrease Java heap size (-Xmx/-Xms)
#   Decrease number of Java threads
#   Decrease Java thread stack sizes (-Xss)
#   Set larger code cache with -XX:ReservedCodeCacheSize=
#   JVM is running with Unscaled Compressed Oops mode in which the Java heap is
#     placed in the first 4GB address space. The Java Heap base address is the
#     maximum limit for the native heap growth. Please use -XX:HeapBaseMinAddress
#     to set the Java Heap base and to place the Java Heap above 4GB virtual address.
# This output file may be truncated or incomplete.
#
#  Out of Memory Error (os_windows.cpp:3925), pid=9632, tid=12124
#
# JRE version:  (21.0.8+1) (build )
# Java VM: OpenJDK 64-Bit Server VM (21.0.8+1-b1038.73, mixed mode, sharing, tiered, compressed oops, compressed class ptrs, g1 gc, windows-amd64)
# No core dump will be written. Minidumps are not enabled by default on client versions of Windows
#

---------------  S U M M A R Y ------------

Command Line: git4idea.http.GitAskPassApp Username for 'https://github.com': 

Host: Intel(R) Xeon(R) Platinum 8171M CPU @ 2.60GHz, 2 cores, 7G,  Windows 11 , 64 bit Build 26100 (10.0.26100.7019)
Time: Sat Nov 15 09:51:18 2025 Coordinated Universal Time elapsed time: 0.052228 seconds (0d 0h 0m 0s)

---------------  T H R E A D  ---------------

Current thread (0x000001b03c809950):  JavaThread "Unknown thread" [_thread_in_vm, id=12124, stack(0x00000035b4000000,0x00000035b4100000) (1024K)]

Stack: [0x00000035b4000000,0x00000035b4100000]
Native frames: (J=compiled Java code, j=interpreted, Vv=VM code, C=native code)
V  [jvm.dll+0x6ebeb9]
V  [jvm.dll+0x8cbec3]
V  [jvm.dll+0x8ce47e]
V  [jvm.dll+0x8ceb63]
V  [jvm.dll+0x28adf6]
V  [jvm.dll+0x6e8695]
V  [jvm.dll+0x6dbeea]
V  [jvm.dll+0x36689b]
V  [jvm.dll+0x36e466]
V  [jvm.dll+0x3c08c6]
V  [jvm.dll+0x3c0b98]
V  [jvm.dll+0x3390cc]
V  [jvm.dll+0x339dbb]
V  [jvm.dll+0x893349]
V  [jvm.dll+0x3cda98]
V  [jvm.dll+0x87c368]
V  [jvm.dll+0x46283e]
V  [jvm.dll+0x464521]
C  [jli.dll+0x52ab]
C  [ucrtbase.dll+0x37b0]
C  [KERNEL32.DLL+0x2e8d7]
C  [ntdll.dll+0x8c53c]


---------------  P R O C E S S  ---------------

Threads class SMR info:
_java_thread_list=0x00007ffaafcb32c8, length=0, elements={
}

Java Threads: ( => current thread )
Total: 0

Other Threads:
  0x000001b03c85e930 WorkerThread "GC Thread#0"                     [id=6984, stack(0x00000035b4100000,0x00000035b4200000) (1024K)]
  0x000001b03c870790 ConcurrentGCThread "G1 Main Marker"            [id=13080, stack(0x00000035b4200000,0x00000035b4300000) (1024K)]
  0x000001b03c871a30 WorkerThread "G1 Conc#0"                       [id=6184, stack(0x00000035b4300000,0x00000035b4400000) (1024K)]

[error occurred during error reporting (printing all threads), id 0xc0000005, EXCEPTION_ACCESS_VIOLATION (0xc0000005) at pc=0x00007ffaaf39c0b7]
VM state: not at safepoint (not fully initialized)

VM Mutex/Monitor currently owned by a thread:  ([mutex/lock_event])
[0x00007ffaafd27d58] Heap_lock - owner thread: 0x000001b03c809950

Heap address: 0x0000000080000000, size: 2048 MB, Compressed Oops mode: 32-bit

CDS archive(s) mapped at: [0x0000000000000000-0x0000000000000000-0x0000000000000000), size 0, SharedBaseAddress: 0x0000000800000000, ArchiveRelocationMode: 1.
Narrow klass base: 0x0000000000000000, Narrow klass shift: 0, Narrow klass range: 0x0

GC Precious Log:
 CardTable entry size: 512
 Card Set container configuration: InlinePtr #cards 5 size 8 Array Of Cards #cards 12 size 40 Howl #buckets 4 coarsen threshold 1843 Howl Bitmap #cards 512 size 80 coarsen threshold 460 Card regions per heap region 1 cards per card region 2048

Heap:
 garbage-first heap   total 0K, used 0K [0x0000000080000000, 0x0000000100000000)
  region size 1024K, 0 young (0K), 0 survivors (0K)
 Metaspace       used 0K, committed 0K, reserved 0K
  class space    used 0K, committed 0K, reserved 0K

Heap Regions: E=young(eden), S=young(survivor), O=old, HS=humongous(starts), HC=humongous(continues), CS=collection set, F=free, TAMS=top-at-mark-start, PB=parsable bottom

Card table byte_map: [0x000001b04f850000,0x000001b04fc50000] _byte_map_base: 0x000001b04f450000

Marking Bits: (CMBitMap*) 0x000001b03c85f030
 Bits: [0x000001b04fc50000, 0x000001b051c50000)

GC Heap History (0 events):
No events

Dll operation events (1 events):
Event: 0.015 Loaded shared library C:\Program Files\JetBrains\IntelliJ IDEA 2025.2.4\jbr\bin\java.dll

Deoptimization events (0 events):
No events

Classes loaded (0 events):
No events

Classes unloaded (0 events):
No events

Classes redefined (0 events):
No events

Internal exceptions (0 events):
No events

ZGC Phase Switch (0 events):
No events

VM Operations (0 events):
No events

Memory protections (0 events):
No events

Nmethod flushes (0 events):
No events

Events (0 events):
No events


Dynamic libraries:
0x00007ff63f5a0000 - 0x00007ff63f5aa000 	C:\Program Files\JetBrains\IntelliJ IDEA 2025.2.4\jbr\bin\java.exe
0x00007ffaf94e0000 - 0x00007ffaf9748000 	C:\Windows\SYSTEM32\ntdll.dll
0x00007ffaf8b30000 - 0x00007ffaf8bf9000 	C:\Windows\System32\KERNEL32.DLL
0x00007ffaf6b20000 - 0x00007ffaf6f18000 	C:\Windows\System32\KERNELBASE.dll
0x00007ffaf6850000 - 0x00007ffaf699b000 	C:\Windows\System32\ucrtbase.dll
0x00007ffad0fe0000 - 0x00007ffad0ff8000 	C:\Program Files\JetBrains\IntelliJ IDEA 2025.2.4\jbr\bin\jli.dll
0x00007ffaf8e00000 - 0x00007ffaf8fc7000 	C:\Windows\System32\USER32.dll
0x00007ffaf7110000 - 0x00007ffaf7137000 	C:\Windows\System32\win32u.dll
0x00007ffaecba0000 - 0x00007ffaecbbb000 	C:\Program Files\JetBrains\IntelliJ IDEA 2025.2.4\jbr\bin\VCRUNTIME140.dll
0x00007ffaf7fb0000 - 0x00007ffaf7fdb000 	C:\Windows\System32\GDI32.dll
0x00007ffaf6f20000 - 0x00007ffaf704c000 	C:\Windows\System32\gdi32full.dll
0x00007ffaf7140000 - 0x00007ffaf71e3000 	C:\Windows\System32\msvcp_win.dll
0x00007ffad58b0000 - 0x00007ffad5b44000 	C:\Windows\WinSxS\amd64_microsoft.windows.common-controls_6595b64144ccf1df_6.0.26100.7019_none_3e06ffa0e335b8a8\COMCTL32.dll
0x00007ffaf7a50000 - 0x00007ffaf7af9000 	C:\Windows\System32\msvcrt.dll
0x00007ffaf7500000 - 0x00007ffaf7531000 	C:\Windows\System32\IMM32.DLL
0x00007ffaf16a0000 - 0x00007ffaf16ac000 	C:\Program Files\JetBrains\IntelliJ IDEA 2025.2.4\jbr\bin\vcruntime140_1.dll
0x00007ffaad8c0000 - 0x00007ffaad94d000 	C:\Program Files\JetBrains\IntelliJ IDEA 2025.2.4\jbr\bin\msvcp140.dll
0x00007ffaaf050000 - 0x00007ffaafe1b000 	C:\Program Files\JetBrains\IntelliJ IDEA 2025.2.4\jbr\bin\server\jvm.dll
0x00007ffaf8750000 - 0x00007ffaf8804000 	C:\Windows\System32\ADVAPI32.dll
0x00007ffaf89a0000 - 0x00007ffaf8a46000 	C:\Windows\System32\sechost.dll
0x00007ffaf8c00000 - 0x00007ffaf8d18000 	C:\Windows\System32\RPCRT4.dll
0x00007ffaf8d80000 - 0x00007ffaf8df4000 	C:\Windows\System32\WS2_32.dll
0x00007ffaf64b0000 - 0x00007ffaf650e000 	C:\Windows\SYSTEM32\POWRPROF.dll
0x00007ffaca210000 - 0x00007ffaca245000 	C:\Windows\SYSTEM32\WINMM.dll
0x00007ffaef060000 - 0x00007ffaef06b000 	C:\Windows\SYSTEM32\VERSION.dll
0x00007ffaf6490000 - 0x00007ffaf64a4000 	C:\Windows\SYSTEM32\UMPDC.dll
0x00007ffaf53f0000 - 0x00007ffaf540b000 	C:\Windows\SYSTEM32\kernel.appcore.dll
0x00007ffaf1620000 - 0x00007ffaf162a000 	C:\Program Files\JetBrains\IntelliJ IDEA 2025.2.4\jbr\bin\jimage.dll
0x00007ffad8020000 - 0x00007ffad8262000 	C:\Windows\SYSTEM32\DBGHELP.DLL
0x00007ffaf76c0000 - 0x00007ffaf7a4b000 	C:\Windows\System32\combase.dll
0x00007ffaf8a50000 - 0x00007ffaf8b27000 	C:\Windows\System32\OLEAUT32.dll
0x00007ffae9470000 - 0x00007ffae94ac000 	C:\Windows\SYSTEM32\dbgcore.DLL
0x00007ffaf67a0000 - 0x00007ffaf6845000 	C:\Windows\System32\bcryptPrimitives.dll
0x00007ffae8800000 - 0x00007ffae8820000 	C:\Program Files\JetBrains\IntelliJ IDEA 2025.2.4\jbr\bin\java.dll

JVMTI agents: none

dbghelp: loaded successfully - version: 4.0.5 - missing functions: none
symbol engine: initialized successfully - sym options: 0x614 - pdb path: .;C:\Program Files\JetBrains\IntelliJ IDEA 2025.2.4\jbr\bin;C:\Windows\SYSTEM32;C:\Windows\WinSxS\amd64_microsoft.windows.common-controls_6595b64144ccf1df_6.0.26100.7019_none_3e06ffa0e335b8a8;C:\Program Files\JetBrains\IntelliJ IDEA 2025.2.4\jbr\bin\server

VM Arguments:
java_command: git4idea.http.GitAskPassApp Username for 'https://github.com': 
java_class_path (initial): C:/Program Files/JetBrains/IntelliJ IDEA 2025.2.4/plugins/vcs-git/lib/git4idea-rt.jar;C:/Program Files/JetBrains/IntelliJ IDEA 2025.2.4/lib/externalProcess-rt.jar
Launcher Type: SUN_STANDARD

[Global flags]
     intx CICompilerCount                          = 2                                         {product} {ergonomic}
     uint ConcGCThreads                            = 1                                         {product} {ergonomic}
     uint G1ConcRefinementThreads                  = 2                                         {product} {ergonomic}
   size_t G1HeapRegionSize                         = 1048576                                   {product} {ergonomic}
    uintx GCDrainStackTargetSize                   = 64                                        {product} {ergonomic}
   size_t InitialHeapSize                          = 134217728                                 {product} {ergonomic}
   size_t MarkStackSize                            = 4194304                                   {product} {ergonomic}
   size_t MaxHeapSize                              = 2147483648                                {product} {ergonomic}
   size_t MinHeapDeltaBytes                        = 1048576                                   {product} {ergonomic}
   size_t MinHeapSize                              = 8388608                                   {product} {ergonomic}
    uintx NonNMethodCodeHeapSize                   = 5826188                                {pd product} {ergonomic}
    uintx NonProfiledCodeHeapSize                  = 122916026                              {pd product} {ergonomic}
    uintx ProfiledCodeHeapSize                     = 122916026                              {pd product} {ergonomic}
    uintx ReservedCodeCacheSize                    = 251658240                              {pd product} {ergonomic}
     bool SegmentedCodeCache                       = true                                      {product} {ergonomic}
   size_t SoftMaxHeapSize                          = 2147483648                             {manageable} {ergonomic}
     bool UseCompressedOops                        = true                           {product lp64_product} {ergonomic}
     bool UseG1GC                                  = true                                      {product} {ergonomic}
     bool UseLargePagesIndividualAllocation        = false                                  {pd product} {ergonomic}

Logging:
Log output configuration:
 #0: stdout all=warning uptime,level,tags foldmultilines=false
 #1: stderr all=off uptime,level,tags foldmultilines=false

Environment Variables:
PATH=C:/Program Files/Git/mingw64/libexec/git-core;C:/Program Files/Git/mingw64/libexec/git-core;C:\Program Files\Git\mingw64\bin;C:\Program Files\Git\usr\bin;C:\Users\evogenfive4\bin;C:\Program Files\Common Files\Oracle\Java\javapath;C:\Windows\system32;C:\Windows;C:\Windows\System32\Wbem;C:\Windows\System32\WindowsPowerShell\v1.0\;C:\Windows\System32\OpenSSH\;C:\Program Files\nodejs\;C:\Program Files\cursor\resources\app\bin;C:\Program Files\PuTTY\;C:\Program Files\Git\cmd;C:\Users\evogenfive4\AppData\Local\Microsoft\WindowsApps;C:\Users\evogenfive4\AppData\Local\Programs\Microsoft VS Code\bin
USERNAME=evogenfive4
DISPLAY=:0.0
LC_ALL=en_US.UTF-8
TERM=xterm-256color
TMPDIR=C:\Users\EVOGEN~1\AppData\Local\Temp
OS=Windows_NT
PROCESSOR_IDENTIFIER=Intel64 Family 6 Model 85 Stepping 4, GenuineIntel
TMP=C:\Users\EVOGEN~1\AppData\Local\Temp
TEMP=C:\Users\EVOGEN~1\AppData\Local\Temp




Periodic native trim disabled

JNI global refs:
JNI global refs: 0, weak refs: 0

JNI global refs memory usage: 0, weak refs: 0

Process memory usage:
Resident Set Size: 12820K (0% of 8387460K total physical memory with 932292K free physical memory)

OOME stack traces (most recent first):
Classloader memory used:

---------------  S Y S T E M  ---------------

OS:
 Windows 11 , 64 bit Build 26100 (10.0.26100.7019)
OS uptime: 0 days 6:44 hours
Hyper-V virtualization detected

CPU: total 2 (initial active 2) (2 cores per cpu, 1 threads per core) family 6 model 85 stepping 4 microcode 0xffffffff, cx8, cmov, fxsr, mmx, 3dnowpref, sse, sse2, sse3, ssse3, sse4.1, sse4.2, popcnt, lzcnt, tsc, avx, avx2, aes, erms, clmul, bmi1, bmi2, rtm, adx, fma, vzeroupper, clflush, clflushopt, hv, rdtscp, f16c
Processor Information for the first 2 processors :
  Max Mhz: 2095, Current Mhz: 2095, Mhz Limit: 2095

Memory: 4k page, system-wide physical 8190M (910M free)
TotalPageFile size 10238M (AvailPageFile size 93M)
current process WorkingSet (physical memory assigned to process): 12M, peak: 12M
current process commit charge ("private bytes"): 48M, peak: 176M

vm_info: OpenJDK 64-Bit Server VM (21.0.8+1-b1038.73) for windows-amd64 JRE (21.0.8+1-b1038.73), built on 2025-09-24 by "builduser" with MS VC++ 16.10 / 16.11 (VS2019)

END.
